#
# A fatal error has been detected by the Java Runtime Environment:
#
#  EXCEPTION_ACCESS_VIOLATION (0xc0000005) at pc=0x00007ff85f07347f, pid=22180, tid=25524
#
# JRE version: Java(TM) SE Runtime Environment (17.0.5+9) (build 17.0.5+9-LTS-191)
# Java VM: Java HotSpot(TM) 64-Bit Server VM (17.0.5+9-LTS-191, mixed mode, sharing, tiered, compressed oops, compressed class ptrs, g1 gc, windows-amd64)
# Problematic frame:
# V  [jvm.dll+0x30347f]
#
# No core dump will be written. Minidumps are not enabled by default on client versions of Windows
#
# If you would like to submit a bug report, please visit:
#   https://bugreport.java.com/bugreport/crash.jsp
#

---------------  S U M M A R Y ------------

Command Line: --add-opens=java.base/java.util=ALL-UNNAMED --add-opens=java.base/java.lang=ALL-UNNAMED --add-opens=java.base/java.lang.invoke=ALL-UNNAMED --add-opens=java.base/java.util=ALL-UNNAMED --add-opens=java.prefs/java.util.prefs=ALL-UNNAMED --add-opens=java.prefs/java.util.prefs=ALL-UNNAMED --add-opens=java.base/java.nio.charset=ALL-UNNAMED --add-opens=java.base/java.net=ALL-UNNAMED --add-opens=java.base/java.util.concurrent.atomic=ALL-UNNAMED -XX:MaxMetaspaceSize=256m -XX:+HeapDumpOnOutOfMemoryError -Xms256m -Xmx512m -Dfile.encoding=windows-1252 -Duser.country=BR -Duser.language=pt -Duser.variant org.gradle.launcher.daemon.bootstrap.GradleDaemon 7.5.1

Host: AMD Ryzen 7 5700G with Radeon Graphics         , 16 cores, 31G,  Windows 10 , 64 bit Build 19041 (10.0.19041.2251)
Time: Wed Nov  9 12:15:25 2022 Hora oficial do Brasil elapsed time: 5.092559 seconds (0d 0h 0m 5s)

---------------  T H R E A D  ---------------

Current thread (0x00000239cc419a10):  GCTaskThread "GC Thread#6" [stack: 0x000000c96d100000,0x000000c96d200000] [id=25524]

Stack: [0x000000c96d100000,0x000000c96d200000],  sp=0x000000c96d1ffab0,  free space=1022k
Native frames: (J=compiled Java code, j=interpreted, Vv=VM code, C=native code)
V  [jvm.dll+0x30347f]
V  [jvm.dll+0x2d7374]
V  [jvm.dll+0x2d7a2a]
V  [jvm.dll+0x2d7b27]
V  [jvm.dll+0x2dd0db]
V  [jvm.dll+0x7fffcb]
V  [jvm.dll+0x800016]
V  [jvm.dll+0x782b4a]
V  [jvm.dll+0x671d75]
C  [ucrtbase.dll+0x21bb2]
C  [KERNEL32.DLL+0x174b4]
C  [ntdll.dll+0x526a1]


siginfo: EXCEPTION_ACCESS_VIOLATION (0xc0000005), reading address 0x0000000000000001


Register to memory mapping:

RIP=0x00007ff85f07347f jvm.dll
RAX=0x0 is NULL
RBX=0x00000239ceb81e00 points into unknown readable memory: 0x00007ff85f666cf8 | f8 6c 66 5f f8 7f 00 00
RCX=0x0000000000000014 is an unknown value
RDX=0x0 is NULL
RSP=0x000000c96d1ffab0 points into unknown readable memory: 0x000003a7000013bd | bd 13 00 00 a7 03 00 00
RBP=0x00000239addeda30 points into unknown readable memory: 0x00007ff85f660578 | 78 05 66 5f f8 7f 00 00
RSI=0x00000000ecb2df90 is an oop: [Ljava.util.HashMap$Node; 
{0x00000000ecb2df90} - klass: 'java/util/HashMap$Node'[]
 - length: 16
RDI=0x000000000000af86 is an unknown value
R8 =0x0 is NULL
R9 =0x000006620000055e is an unknown value
R10=0x0000000000000001 is an unknown value
R11=0x00000239addfa440 points into unknown readable memory: 0x0000000000000000 | 00 00 00 00 00 00 00 00
R12=0x0000000000000002 is an unknown value
R13=0x000000c96d1ffbc0 points into unknown readable memory: 0x00007ff85f660540 | 40 05 66 5f f8 7f 00 00
R14=0x00000239ceb81e00 points into unknown readable memory: 0x00007ff85f666cf8 | f8 6c 66 5f f8 7f 00 00
R15=0x0000000000000007 is an unknown value


Registers:
RAX=0x0000000000000000, RBX=0x00000239ceb81e00, RCX=0x0000000000000014, RDX=0x0000000000000000
RSP=0x000000c96d1ffab0, RBP=0x00000239addeda30, RSI=0x00000000ecb2df90, RDI=0x000000000000af86
R8 =0x0000000000000000, R9 =0x000006620000055e, R10=0x0000000000000001, R11=0x00000239addfa440
R12=0x0000000000000002, R13=0x000000c96d1ffbc0, R14=0x00000239ceb81e00, R15=0x0000000000000007
RIP=0x00007ff85f07347f, EFLAGS=0x0000000000010246

Top of Stack: (sp=0x000000c96d1ffab0)
0x000000c96d1ffab0:   000003a7000013bd 00000239ceb81e00
0x000000c96d1ffac0:   00000239addeda30 00000000ecb2df84
0x000000c96d1ffad0:   000000c96d1ffb40 00007ff85f047374
0x000000c96d1ffae0:   00000000ecb2df91 00007ff85f664648
0x000000c96d1ffaf0:   000000c96a6fec00 0000000000000000
0x000000c96d1ffb00:   000000000000000d 00007ff85f0682a7
0x000000c96d1ffb10:   0000000000000000 0000000000000000
0x000000c96d1ffb20:   000000c900000000 00007ff85f50111e
0x000000c96d1ffb30:   0000000000000000 0000000000000000
0x000000c96d1ffb40:   00000239cb12b7f0 00000239caf3b750
0x000000c96d1ffb50:   00000000000003d8 00000239cb12bbc8
0x000000c96d1ffb60:   000000c96a6fec40 0000000000000013
0x000000c96d1ffb70:   0000000000000009 00007ff85f047a2a
0x000000c96d1ffb80:   0000000000000002 00000239ceb81e00
0x000000c96d1ffb90:   00000239ceb81e00 0000000000000000
0x000000c96d1ffba0:   00007ff85f667dd8 0000000900000001 

Instructions: (pc=0x00007ff85f07347f)
0x00007ff85f07337f:   00 48 83 3c 07 00 75 4d 45 33 c0 b9 38 02 00 00
0x00007ff85f07338f:   41 8d 50 05 e8 58 17 da ff 48 8b c8 48 85 c0 74
0x00007ff85f07339f:   28 48 8b 43 28 44 8b ce 4c 8b 43 08 48 8b 13 48
0x00007ff85f0733af:   89 44 24 30 48 8b 43 20 48 89 44 24 28 8b 43 30
0x00007ff85f0733bf:   89 44 24 20 e8 f8 ed ff ff 48 8b 4b 10 48 89 04
0x00007ff85f0733cf:   0f 48 8b 43 10 48 8b 04 07 48 8b 5c 24 50 48 8b
0x00007ff85f0733df:   74 24 58 48 83 c4 40 5f c3 cc cc cc cc cc cc cc
0x00007ff85f0733ef:   cc 48 89 5c 24 20 55 48 83 ec 20 48 8b ea 48 c7
0x00007ff85f0733ff:   44 24 30 00 00 00 00 8b 91 a8 01 00 00 4c 8d 44
0x00007ff85f07340f:   24 30 48 8b d9 48 8b cd e8 84 29 fe ff 84 c0 0f
0x00007ff85f07341f:   84 79 02 00 00 48 89 74 24 38 48 89 7c 24 40 66
0x00007ff85f07342f:   90 48 8b 54 24 30 f6 c2 01 0f 84 20 01 00 00 8b
0x00007ff85f07343f:   0d 64 0e 78 00 48 8d 72 ff 48 8b 43 08 44 8b 16
0x00007ff85f07344f:   49 d3 e2 4c 03 15 47 0e 78 00 8b 88 90 05 00 00
0x00007ff85f07345f:   49 8b d2 48 8b 80 80 05 00 00 48 d3 ea 0f b7 14
0x00007ff85f07346f:   50 0f b7 c2 66 c1 e8 08 84 c0 0f 88 ef 01 00 00
0x00007ff85f07347f:   4d 8b 02 41 0f b6 c0 24 03 3c 03 75 1e 80 3d 31
0x00007ff85f07348f:   87 7e 00 00 74 0f 41 0f b6 c0 24 07 3c 05 75 05
0x00007ff85f07349f:   45 33 c0 eb 17 49 83 e0 fc eb 11 4d 8b c8 48 8b
0x00007ff85f0734af:   cb 4d 8b c2 e8 a8 f4 ff ff 4c 8b c0 8b 0d e7 0d
0x00007ff85f0734bf:   78 00 49 8b d0 48 2b 15 d5 0d 78 00 48 d3 ea 89
0x00007ff85f0734cf:   16 48 8b d6 8b 0d 47 90 7e 00 49 33 d0 48 d3 ea
0x00007ff85f0734df:   48 85 d2 0f 84 86 01 00 00 48 8b 43 08 48 8b d6
0x00007ff85f0734ef:   8b 88 c0 01 00 00 48 8b 80 b0 01 00 00 48 d3 ea
0x00007ff85f0734ff:   48 8b 0c d0 8b 81 94 00 00 00 d1 e8 a8 01 0f 85
0x00007ff85f07350f:   5b 01 00 00 48 8b 43 08 8b 88 90 05 00 00 48 8b
0x00007ff85f07351f:   80 80 05 00 00 49 d3 e8 42 80 3c 40 00 0f 84 3c
0x00007ff85f07352f:   01 00 00 48 8b 43 60 48 c1 ee 09 48 8b 78 40 48
0x00007ff85f07353f:   8b 48 38 48 03 fe 48 2b f9 48 39 bb b0 01 00 00
0x00007ff85f07354f:   0f 84 19 01 00 00 48 8d 14 39 e9 f2 00 00 00 f6
0x00007ff85f07355f:   c2 03 0f 85 fb 00 00 00 4c 8b 02 48 8b 43 08 49
0x00007ff85f07356f:   8b d0 8b 88 90 05 00 00 48 8b 80 80 05 00 00 48 


Stack slot to memory mapping:
stack at sp + 0 slots: 0x000003a7000013bd is an unknown value
stack at sp + 1 slots: 0x00000239ceb81e00 points into unknown readable memory: 0x00007ff85f666cf8 | f8 6c 66 5f f8 7f 00 00
stack at sp + 2 slots: 0x00000239addeda30 points into unknown readable memory: 0x00007ff85f660578 | 78 05 66 5f f8 7f 00 00
stack at sp + 3 slots: 0x00000000ecb2df84 is pointing into object: [Ljava.lang.Object; 
{0x00000000ecb2c4b0} - klass: 'java/lang/Object'[]
 - length: 5177346
stack at sp + 4 slots: 0x000000c96d1ffb40 points into unknown readable memory: 0x00000239cb12b7f0 | f0 b7 12 cb 39 02 00 00
stack at sp + 5 slots: 0x00007ff85f047374 jvm.dll
stack at sp + 6 slots: 0x00000000ecb2df91 is pointing into object: [Ljava.lang.Object; 
{0x00000000ecb2c4b0} - klass: 'java/lang/Object'[]
 - length: 5177346
stack at sp + 7 slots: 0x00007ff85f664648 jvm.dll


---------------  P R O C E S S  ---------------

Threads class SMR info:
_java_thread_list=0x00000239d1a6b3e0, length=141, elements={
0x00000239addde610, 0x00000239c915cbd0, 0x00000239c915d950, 0x00000239c9174ec0,
0x00000239c91769f0, 0x00000239c917a300, 0x00000239c917abc0, 0x00000239c917b860,
0x00000239c9187b20, 0x00000239c9189430, 0x00000239c9cd1470, 0x00000239c9cde5b0,
0x00000239c9cf51a0, 0x00000239c9cfda90, 0x00000239c9e3e7e0, 0x00000239c9f116e0,
0x00000239cad8a380, 0x00000239cb7b9100, 0x00000239cb865100, 0x00000239cbe7c770,
0x00000239ca9f6ae0, 0x00000239cba47810, 0x00000239cb259c30, 0x00000239cb695a80,
0x00000239cb538290, 0x00000239cb53bc50, 0x00000239cb539aa0, 0x00000239cb539100,
0x00000239cb539f70, 0x00000239cb53b2b0, 0x00000239cb53ade0, 0x00000239cb538c30,
0x00000239cb53b780, 0x00000239cb53a440, 0x00000239cb53a910, 0x00000239cb5395d0,
0x00000239cb538760, 0x00000239cbc94570, 0x00000239cbc91550, 0x00000239cbc8e530,
0x00000239cf06d520, 0x00000239cbc94f10, 0x00000239cbc93700, 0x00000239cbc8f870,
0x00000239cbc90210, 0x00000239cbc958b0, 0x00000239cbc953e0, 0x00000239cbc8fd40,
0x00000239cbc92890, 0x00000239d036d670, 0x00000239cedf9490, 0x00000239cedfaca0,
0x00000239cedf9960, 0x00000239cedf9e30, 0x00000239cedfa300, 0x00000239cedfa7d0,
0x00000239d035a120, 0x00000239d0359c50, 0x00000239d0358de0, 0x00000239d03592b0,
0x00000239d035c7a0, 0x00000239d035b930, 0x00000239d035af90, 0x00000239d035a5f0,
0x00000239d035be00, 0x00000239d035c2d0, 0x00000239d035aac0, 0x00000239d0a29780,
0x00000239cc9dd160, 0x00000239cc9ddfd0, 0x00000239cc9ddb00, 0x00000239cbc8e060,
0x00000239cbc93bd0, 0x00000239cbc8eed0, 0x00000239cbc8f3a0, 0x00000239cbc906e0,
0x00000239cbc91080, 0x00000239d0359780, 0x00000239ccabed00, 0x00000239d0b3f840,
0x00000239d077ba20, 0x00000239d1ed4af0, 0x00000239cc3b68b0, 0x00000239d0b5cc10,
0x00000239d0b5c270, 0x00000239d0b5d0e0, 0x00000239cc9dd630, 0x00000239cc9de970,
0x00000239cc9de4a0, 0x00000239d1f04ef0, 0x00000239d1f04a20, 0x00000239d1f053c0,
0x00000239d1f05890, 0x00000239d1f05d60, 0x00000239d1f06230, 0x00000239d1f06700,
0x00000239d1f06bd0, 0x00000239d1f07f10, 0x00000239cbc91a20, 0x00000239cbc91ef0,
0x00000239cc3b6d80, 0x00000239cc3b5570, 0x00000239cc3b5a40, 0x00000239cc3b5f10,
0x00000239d38b31d0, 0x00000239d38b1e90, 0x00000239d38b2830, 0x00000239d38b3b70,
0x00000239d38b14f0, 0x00000239d0a28440, 0x00000239d0a27f70, 0x00000239d0a28910,
0x00000239d0a292b0, 0x00000239d0a28de0, 0x00000239d3c7c370, 0x00000239d3c7d1e0,
0x00000239d3c7d6b0, 0x00000239d3c79cf0, 0x00000239d3c7a1c0, 0x00000239d3c7b9d0,
0x00000239ce9d9330, 0x00000239ce9d8e60, 0x00000239ce9d84c0, 0x00000239ce9d8990,
0x00000239ce9d7b20, 0x00000239ce9d7ff0, 0x00000239d1b40f70, 0x00000239d1b41de0,
0x00000239d1b405d0, 0x00000239d1b40aa0, 0x00000239d1b43f90, 0x00000239d1b41440,
0x00000239d1b43120, 0x00000239d1b42780, 0x00000239d1b435f0, 0x00000239d1b43ac0,
0x00000239d1b42c50, 0x00000239d1b41910, 0x00000239d1b422b0, 0x00000239d1e1e100,
0x00000239d1e1c8f0
}

Java Threads: ( => current thread )
  0x00000239addde610 JavaThread "main" [_thread_blocked, id=3620, stack(0x000000c96a000000,0x000000c96a100000)]
  0x00000239c915cbd0 JavaThread "Reference Handler" daemon [_thread_blocked, id=8488, stack(0x000000c96a700000,0x000000c96a800000)]
  0x00000239c915d950 JavaThread "Finalizer" daemon [_thread_blocked, id=23564, stack(0x000000c96a800000,0x000000c96a900000)]
  0x00000239c9174ec0 JavaThread "Signal Dispatcher" daemon [_thread_blocked, id=28992, stack(0x000000c96a900000,0x000000c96aa00000)]
  0x00000239c91769f0 JavaThread "Attach Listener" daemon [_thread_blocked, id=2416, stack(0x000000c96aa00000,0x000000c96ab00000)]
  0x00000239c917a300 JavaThread "Service Thread" daemon [_thread_blocked, id=5008, stack(0x000000c96ab00000,0x000000c96ac00000)]
  0x00000239c917abc0 JavaThread "Monitor Deflation Thread" daemon [_thread_blocked, id=2540, stack(0x000000c96ac00000,0x000000c96ad00000)]
  0x00000239c917b860 JavaThread "C2 CompilerThread0" daemon [_thread_blocked, id=23488, stack(0x000000c96ad00000,0x000000c96ae00000)]
  0x00000239c9187b20 JavaThread "C1 CompilerThread0" daemon [_thread_blocked, id=26812, stack(0x000000c96ae00000,0x000000c96af00000)]
  0x00000239c9189430 JavaThread "Sweeper thread" daemon [_thread_blocked, id=15104, stack(0x000000c96af00000,0x000000c96b000000)]
  0x00000239c9cd1470 JavaThread "C1 CompilerThread1" daemon [_thread_blocked, id=31160, stack(0x000000c96b000000,0x000000c96b100000)]
  0x00000239c9cde5b0 JavaThread "C1 CompilerThread2" daemon [_thread_blocked, id=11660, stack(0x000000c96b100000,0x000000c96b200000)]
  0x00000239c9cf51a0 JavaThread "Common-Cleaner" daemon [_thread_blocked, id=34540, stack(0x000000c96b200000,0x000000c96b300000)]
  0x00000239c9cfda90 JavaThread "Notification Thread" daemon [_thread_blocked, id=14308, stack(0x000000c96b300000,0x000000c96b400000)]
  0x00000239c9e3e7e0 JavaThread "C2 CompilerThread1" daemon [_thread_blocked, id=13472, stack(0x000000c96b500000,0x000000c96b600000)]
  0x00000239c9f116e0 JavaThread "C2 CompilerThread2" daemon [_thread_blocked, id=17272, stack(0x000000c96b600000,0x000000c96b700000)]
  0x00000239cad8a380 JavaThread "C1 CompilerThread3" daemon [_thread_blocked, id=10184, stack(0x000000c96b900000,0x000000c96ba00000)]
  0x00000239cb7b9100 JavaThread "Daemon health stats" [_thread_blocked, id=3776, stack(0x000000c96bf00000,0x000000c96c000000)]
  0x00000239cb865100 JavaThread "Incoming local TCP Connector on port 60509" [_thread_in_native, id=20204, stack(0x000000c96c000000,0x000000c96c100000)]
  0x00000239cbe7c770 JavaThread "Daemon periodic checks" [_thread_blocked, id=21736, stack(0x000000c96c100000,0x000000c96c200000)]
  0x00000239ca9f6ae0 JavaThread "Daemon" [_thread_blocked, id=11688, stack(0x000000c96c200000,0x000000c96c300000)]
  0x00000239cba47810 JavaThread "Handler for socket connection from /127.0.0.1:60509 to /127.0.0.1:60510" [_thread_in_native, id=32404, stack(0x000000c96c300000,0x000000c96c400000)]
  0x00000239cb259c30 JavaThread "Cancel handler" [_thread_blocked, id=32364, stack(0x000000c96c400000,0x000000c96c500000)]
  0x00000239cb695a80 JavaThread "Daemon worker" [_thread_blocked, id=32956, stack(0x000000c96c500000,0x000000c96c600000)]
  0x00000239cb538290 JavaThread "Asynchronous log dispatcher for DefaultDaemonConnection: socket connection from /127.0.0.1:60509 to /127.0.0.1:60510" [_thread_blocked, id=21708, stack(0x000000c96c600000,0x000000c96c700000)]
  0x00000239cb53bc50 JavaThread "Stdin handler" [_thread_blocked, id=13320, stack(0x000000c96c700000,0x000000c96c800000)]
  0x00000239cb539aa0 JavaThread "Daemon client event forwarder" [_thread_blocked, id=5076, stack(0x000000c96c800000,0x000000c96c900000)]
  0x00000239cb539100 JavaThread "Cache worker for journal cache (C:\Users\Lucas\.gradle\caches\journal-1)" [_thread_blocked, id=31800, stack(0x000000c96c900000,0x000000c96ca00000)]
  0x00000239cb539f70 JavaThread "File lock request listener" [_thread_in_native, id=33716, stack(0x000000c96ca00000,0x000000c96cb00000)]
  0x00000239cb53b2b0 JavaThread "Cache worker for file hash cache (C:\Users\Lucas\.gradle\caches\7.5.1\fileHashes)" [_thread_blocked, id=22476, stack(0x000000c96b700000,0x000000c96b800000)]
  0x00000239cb53ade0 JavaThread "File watcher server" daemon [_thread_blocked, id=21436, stack(0x000000c96b800000,0x000000c96b900000)]
  0x00000239cb538c30 JavaThread "File watcher consumer" daemon [_thread_blocked, id=21148, stack(0x000000c96cb00000,0x000000c96cc00000)]
  0x00000239cb53b780 JavaThread "Cache worker for checksums cache (C:\Users\Lucas\Projetos\aws_project\.gradle\7.5.1\checksums)" [_thread_blocked, id=23232, stack(0x000000c96cc00000,0x000000c96cd00000)]
  0x00000239cb53a440 JavaThread "Cache worker for cache directory md-rule (C:\Users\Lucas\.gradle\caches\7.5.1\md-rule)" [_thread_blocked, id=25508, stack(0x000000c96cd00000,0x000000c96ce00000)]
  0x00000239cb53a910 JavaThread "Cache worker for file content cache (C:\Users\Lucas\.gradle\caches\7.5.1\fileContent)" [_thread_blocked, id=22432, stack(0x000000c96ce00000,0x000000c96cf00000)]
  0x00000239cb5395d0 JavaThread "Cache worker for file hash cache (C:\Users\Lucas\Projetos\aws_project\.gradle\7.5.1\fileHashes)" [_thread_blocked, id=30296, stack(0x000000c96cf00000,0x000000c96d000000)]
  0x00000239cb538760 JavaThread "Cache worker for cache directory md-supplier (C:\Users\Lucas\.gradle\caches\7.5.1\md-supplier)" [_thread_blocked, id=24032, stack(0x000000c96d000000,0x000000c96d100000)]
  0x00000239cbc94570 JavaThread "Cache worker for execution history cache (C:\Users\Lucas\.gradle\caches\7.5.1\executionHistory)" [_thread_blocked, id=24428, stack(0x000000c96da00000,0x000000c96db00000)]
  0x00000239cbc91550 JavaThread "jar transforms" [_thread_blocked, id=27584, stack(0x000000c96db00000,0x000000c96dc00000)]
  0x00000239cbc8e530 JavaThread "jar transforms Thread 2" [_thread_blocked, id=13392, stack(0x000000c96dc00000,0x000000c96dd00000)]
  0x00000239cf06d520 JavaThread "C2 CompilerThread3" daemon [_thread_blocked, id=12868, stack(0x000000c96dd00000,0x000000c96de00000)]
  0x00000239cbc94f10 JavaThread "jar transforms Thread 3" [_thread_blocked, id=17864, stack(0x000000c96de00000,0x000000c96df00000)]
  0x00000239cbc93700 JavaThread "jar transforms Thread 4" [_thread_blocked, id=34756, stack(0x000000c96df00000,0x000000c96e000000)]
  0x00000239cbc8f870 JavaThread "jar transforms Thread 5" [_thread_blocked, id=27512, stack(0x000000c96e000000,0x000000c96e100000)]
  0x00000239cbc90210 JavaThread "jar transforms Thread 6" [_thread_blocked, id=18728, stack(0x000000c96e100000,0x000000c96e200000)]
  0x00000239cbc958b0 JavaThread "jar transforms Thread 7" [_thread_blocked, id=30380, stack(0x000000c96e200000,0x000000c96e300000)]
  0x00000239cbc953e0 JavaThread "jar transforms Thread 8" [_thread_blocked, id=18144, stack(0x000000c96e300000,0x000000c96e400000)]
  0x00000239cbc8fd40 JavaThread "Cache worker for dependencies-accessors (C:\Users\Lucas\Projetos\aws_project\.gradle\7.5.1\dependencies-accessors)" [_thread_blocked, id=5032, stack(0x000000c96e400000,0x000000c96e500000)]
  0x00000239cbc92890 JavaThread "jar transforms Thread 9" [_thread_blocked, id=27296, stack(0x000000c96e500000,0x000000c96e600000)]
  0x00000239d036d670 JavaThread "Cache worker for Build Output Cleanup Cache (C:\Users\Lucas\Projetos\aws_project\.gradle\buildOutputCleanup)" [_thread_blocked, id=2764, stack(0x000000c96e600000,0x000000c96e700000)]
  0x00000239cedf9490 JavaThread "Unconstrained build operations" [_thread_blocked, id=7540, stack(0x000000c96e700000,0x000000c96e800000)]
  0x00000239cedfaca0 JavaThread "Unconstrained build operations Thread 2" [_thread_blocked, id=19992, stack(0x000000c96e800000,0x000000c96e900000)]
  0x00000239cedf9960 JavaThread "Unconstrained build operations Thread 3" [_thread_blocked, id=30372, stack(0x000000c96e900000,0x000000c96ea00000)]
  0x00000239cedf9e30 JavaThread "Unconstrained build operations Thread 4" [_thread_blocked, id=6620, stack(0x000000c96ea00000,0x000000c96eb00000)]
  0x00000239cedfa300 JavaThread "Unconstrained build operations Thread 5" [_thread_blocked, id=25204, stack(0x000000c96eb00000,0x000000c96ec00000)]
  0x00000239cedfa7d0 JavaThread "Unconstrained build operations Thread 6" [_thread_blocked, id=15304, stack(0x000000c96ec00000,0x000000c96ed00000)]
  0x00000239d035a120 JavaThread "Unconstrained build operations Thread 7" [_thread_blocked, id=26632, stack(0x000000c96ed00000,0x000000c96ee00000)]
  0x00000239d0359c50 JavaThread "Unconstrained build operations Thread 8" [_thread_blocked, id=7300, stack(0x000000c96ee00000,0x000000c96ef00000)]
  0x00000239d0358de0 JavaThread "Unconstrained build operations Thread 9" [_thread_blocked, id=30544, stack(0x000000c96ef00000,0x000000c96f000000)]
  0x00000239d03592b0 JavaThread "Unconstrained build operations Thread 10" [_thread_blocked, id=14136, stack(0x000000c96f000000,0x000000c96f100000)]
  0x00000239d035c7a0 JavaThread "Unconstrained build operations Thread 11" [_thread_blocked, id=34548, stack(0x000000c96f100000,0x000000c96f200000)]
  0x00000239d035b930 JavaThread "Unconstrained build operations Thread 12" [_thread_blocked, id=24408, stack(0x000000c96f200000,0x000000c96f300000)]
  0x00000239d035af90 JavaThread "Unconstrained build operations Thread 13" [_thread_blocked, id=36540, stack(0x000000c96f300000,0x000000c96f400000)]
  0x00000239d035a5f0 JavaThread "Unconstrained build operations Thread 14" [_thread_blocked, id=35784, stack(0x000000c96f400000,0x000000c96f500000)]
  0x00000239d035be00 JavaThread "Unconstrained build operations Thread 15" [_thread_blocked, id=25960, stack(0x000000c96f500000,0x000000c96f600000)]
  0x00000239d035c2d0 JavaThread "Unconstrained build operations Thread 16" [_thread_blocked, id=17792, stack(0x000000c96f600000,0x000000c96f700000)]
  0x00000239d035aac0 JavaThread "Unconstrained build operations Thread 17" [_thread_blocked, id=17016, stack(0x000000c96f700000,0x000000c96f800000)]
  0x00000239d0a29780 JavaThread "Unconstrained build operations Thread 18" [_thread_blocked, id=8484, stack(0x000000c96f800000,0x000000c96f900000)]
  0x00000239cc9dd160 JavaThread "Unconstrained build operations Thread 19" [_thread_blocked, id=16784, stack(0x000000c96f900000,0x000000c96fa00000)]
  0x00000239cc9ddfd0 JavaThread "Unconstrained build operations Thread 20" [_thread_blocked, id=11892, stack(0x000000c96fa00000,0x000000c96fb00000)]
  0x00000239cc9ddb00 JavaThread "Unconstrained build operations Thread 21" [_thread_blocked, id=5500, stack(0x000000c96fb00000,0x000000c96fc00000)]
  0x00000239cbc8e060 JavaThread "jar transforms Thread 10" [_thread_blocked, id=27516, stack(0x000000c96fc00000,0x000000c96fd00000)]
  0x00000239cbc93bd0 JavaThread "jar transforms Thread 11" [_thread_blocked, id=21420, stack(0x000000c96fd00000,0x000000c96fe00000)]
  0x00000239cbc8eed0 JavaThread "jar transforms Thread 12" [_thread_blocked, id=14764, stack(0x000000c96fe00000,0x000000c96ff00000)]
  0x00000239cbc8f3a0 JavaThread "jar transforms Thread 13" [_thread_blocked, id=32724, stack(0x000000c96ff00000,0x000000c970000000)]
  0x00000239cbc906e0 JavaThread "jar transforms Thread 14" [_thread_blocked, id=36512, stack(0x000000c970000000,0x000000c970100000)]
  0x00000239cbc91080 JavaThread "jar transforms Thread 15" [_thread_blocked, id=23972, stack(0x000000c970100000,0x000000c970200000)]
  0x00000239d0359780 JavaThread "jar transforms Thread 16" [_thread_blocked, id=13152, stack(0x000000c970200000,0x000000c970300000)]
  0x00000239ccabed00 JavaThread "Memory manager" [_thread_blocked, id=4136, stack(0x000000c970300000,0x000000c970400000)]
  0x00000239d0b3f840 JavaThread "C2 CompilerThread4" daemon [_thread_blocked, id=17980, stack(0x000000c970400000,0x000000c970500000)]
  0x00000239d077ba20 JavaThread "C2 CompilerThread5" daemon [_thread_blocked, id=35128, stack(0x000000c970500000,0x000000c970600000)]
  0x00000239d1ed4af0 JavaThread "C2 CompilerThread6" daemon [_thread_blocked, id=12316, stack(0x000000c970700000,0x000000c970800000)]
  0x00000239cc3b68b0 JavaThread "included builds" [_thread_blocked, id=16520, stack(0x000000c970800000,0x000000c970900000)]
  0x00000239d0b5cc10 JavaThread "Execution worker" [_thread_blocked, id=27688, stack(0x000000c970900000,0x000000c970a00000)]
  0x00000239d0b5c270 JavaThread "Execution worker Thread 2" [_thread_blocked, id=22880, stack(0x000000c970a00000,0x000000c970b00000)]
  0x00000239d0b5d0e0 JavaThread "Execution worker Thread 3" [_thread_blocked, id=24488, stack(0x000000c970b00000,0x000000c970c00000)]
  0x00000239cc9dd630 JavaThread "Execution worker Thread 4" [_thread_blocked, id=14996, stack(0x000000c970c00000,0x000000c970d00000)]
  0x00000239cc9de970 JavaThread "Execution worker Thread 5" [_thread_blocked, id=34752, stack(0x000000c970d00000,0x000000c970e00000)]
  0x00000239cc9de4a0 JavaThread "Execution worker Thread 6" [_thread_blocked, id=17276, stack(0x000000c970e00000,0x000000c970f00000)]
  0x00000239d1f04ef0 JavaThread "Execution worker Thread 7" [_thread_blocked, id=15616, stack(0x000000c970f00000,0x000000c971000000)]
  0x00000239d1f04a20 JavaThread "Execution worker Thread 8" [_thread_blocked, id=33192, stack(0x000000c971000000,0x000000c971100000)]
  0x00000239d1f053c0 JavaThread "Execution worker Thread 9" [_thread_blocked, id=28684, stack(0x000000c971100000,0x000000c971200000)]
  0x00000239d1f05890 JavaThread "Execution worker Thread 10" [_thread_blocked, id=3536, stack(0x000000c971200000,0x000000c971300000)]
  0x00000239d1f05d60 JavaThread "Execution worker Thread 11" [_thread_blocked, id=8564, stack(0x000000c971300000,0x000000c971400000)]
  0x00000239d1f06230 JavaThread "Execution worker Thread 12" [_thread_blocked, id=34892, stack(0x000000c971400000,0x000000c971500000)]
  0x00000239d1f06700 JavaThread "Execution worker Thread 13" [_thread_blocked, id=2872, stack(0x000000c971500000,0x000000c971600000)]
  0x00000239d1f06bd0 JavaThread "Execution worker Thread 14" [_thread_blocked, id=1808, stack(0x000000c971600000,0x000000c971700000)]
  0x00000239d1f07f10 JavaThread "Execution worker Thread 15" [_thread_blocked, id=28284, stack(0x000000c971700000,0x000000c971800000)]
  0x00000239cbc91a20 JavaThread "Cache worker for execution history cache (C:\Users\Lucas\Projetos\aws_project\.gradle\7.5.1\executionHistory)" [_thread_blocked, id=22480, stack(0x000000c971800000,0x000000c971900000)]
  0x00000239cbc91ef0 JavaThread "Unconstrained build operations Thread 22" [_thread_blocked, id=1368, stack(0x000000c971900000,0x000000c971a00000)]
  0x00000239cc3b6d80 JavaThread "Unconstrained build operations Thread 23" [_thread_blocked, id=6260, stack(0x000000c971a00000,0x000000c971b00000)]
  0x00000239cc3b5570 JavaThread "Unconstrained build operations Thread 24" [_thread_blocked, id=27192, stack(0x000000c971b00000,0x000000c971c00000)]
  0x00000239cc3b5a40 JavaThread "Unconstrained build operations Thread 25" [_thread_blocked, id=5836, stack(0x000000c971c00000,0x000000c971d00000)]
  0x00000239cc3b5f10 JavaThread "Unconstrained build operations Thread 26" [_thread_blocked, id=1980, stack(0x000000c971d00000,0x000000c971e00000)]
  0x00000239d38b31d0 JavaThread "Unconstrained build operations Thread 27" [_thread_blocked, id=23228, stack(0x000000c971e00000,0x000000c971f00000)]
  0x00000239d38b1e90 JavaThread "Unconstrained build operations Thread 28" [_thread_blocked, id=25848, stack(0x000000c971f00000,0x000000c972000000)]
  0x00000239d38b2830 JavaThread "Unconstrained build operations Thread 29" [_thread_blocked, id=5968, stack(0x000000c972000000,0x000000c972100000)]
  0x00000239d38b3b70 JavaThread "Unconstrained build operations Thread 30" [_thread_blocked, id=30428, stack(0x000000c972100000,0x000000c972200000)]
  0x00000239d38b14f0 JavaThread "Unconstrained build operations Thread 31" [_thread_blocked, id=4292, stack(0x000000c972200000,0x000000c972300000)]
  0x00000239d0a28440 JavaThread "Unconstrained build operations Thread 32" [_thread_blocked, id=27240, stack(0x000000c972300000,0x000000c972400000)]
  0x00000239d0a27f70 JavaThread "Unconstrained build operations Thread 33" [_thread_blocked, id=7664, stack(0x000000c972400000,0x000000c972500000)]
  0x00000239d0a28910 JavaThread "Unconstrained build operations Thread 34" [_thread_blocked, id=5972, stack(0x000000c972500000,0x000000c972600000)]
  0x00000239d0a292b0 JavaThread "Unconstrained build operations Thread 35" [_thread_blocked, id=20040, stack(0x000000c972600000,0x000000c972700000)]
  0x00000239d0a28de0 JavaThread "Unconstrained build operations Thread 36" [_thread_blocked, id=24988, stack(0x000000c972700000,0x000000c972800000)]
  0x00000239d3c7c370 JavaThread "Unconstrained build operations Thread 37" [_thread_blocked, id=5928, stack(0x000000c972800000,0x000000c972900000)]
  0x00000239d3c7d1e0 JavaThread "Unconstrained build operations Thread 38" [_thread_blocked, id=24100, stack(0x000000c972900000,0x000000c972a00000)]
  0x00000239d3c7d6b0 JavaThread "Unconstrained build operations Thread 39" [_thread_blocked, id=15052, stack(0x000000c972a00000,0x000000c972b00000)]
  0x00000239d3c79cf0 JavaThread "Unconstrained build operations Thread 40" [_thread_blocked, id=26820, stack(0x000000c972b00000,0x000000c972c00000)]
  0x00000239d3c7a1c0 JavaThread "Unconstrained build operations Thread 41" [_thread_blocked, id=11524, stack(0x000000c972c00000,0x000000c972d00000)]
  0x00000239d3c7b9d0 JavaThread "Unconstrained build operations Thread 42" [_thread_blocked, id=29820, stack(0x000000c972d00000,0x000000c972e00000)]
  0x00000239ce9d9330 JavaThread "Unconstrained build operations Thread 43" [_thread_blocked, id=13308, stack(0x000000c972e00000,0x000000c972f00000)]
  0x00000239ce9d8e60 JavaThread "Unconstrained build operations Thread 44" [_thread_blocked, id=23004, stack(0x000000c972f00000,0x000000c973000000)]
  0x00000239ce9d84c0 JavaThread "Unconstrained build operations Thread 45" [_thread_blocked, id=29192, stack(0x000000c973000000,0x000000c973100000)]
  0x00000239ce9d8990 JavaThread "Unconstrained build operations Thread 46" [_thread_blocked, id=9392, stack(0x000000c973100000,0x000000c973200000)]
  0x00000239ce9d7b20 JavaThread "Unconstrained build operations Thread 47" [_thread_blocked, id=14184, stack(0x000000c973200000,0x000000c973300000)]
  0x00000239ce9d7ff0 JavaThread "Unconstrained build operations Thread 48" [_thread_blocked, id=35668, stack(0x000000c973300000,0x000000c973400000)]
  0x00000239d1b40f70 JavaThread "Unconstrained build operations Thread 49" [_thread_blocked, id=17124, stack(0x000000c973400000,0x000000c973500000)]
  0x00000239d1b41de0 JavaThread "Unconstrained build operations Thread 50" [_thread_blocked, id=27592, stack(0x000000c973500000,0x000000c973600000)]
  0x00000239d1b405d0 JavaThread "Unconstrained build operations Thread 51" [_thread_blocked, id=23360, stack(0x000000c973600000,0x000000c973700000)]
  0x00000239d1b40aa0 JavaThread "Unconstrained build operations Thread 52" [_thread_blocked, id=9824, stack(0x000000c973700000,0x000000c973800000)]
  0x00000239d1b43f90 JavaThread "Unconstrained build operations Thread 53" [_thread_blocked, id=10416, stack(0x000000c973800000,0x000000c973900000)]
  0x00000239d1b41440 JavaThread "Unconstrained build operations Thread 54" [_thread_blocked, id=4972, stack(0x000000c973900000,0x000000c973a00000)]
  0x00000239d1b43120 JavaThread "Unconstrained build operations Thread 55" [_thread_blocked, id=30088, stack(0x000000c973a00000,0x000000c973b00000)]
  0x00000239d1b42780 JavaThread "Unconstrained build operations Thread 56" [_thread_blocked, id=7676, stack(0x000000c973b00000,0x000000c973c00000)]
  0x00000239d1b435f0 JavaThread "Unconstrained build operations Thread 57" [_thread_blocked, id=9020, stack(0x000000c973c00000,0x000000c973d00000)]
  0x00000239d1b43ac0 JavaThread "Unconstrained build operations Thread 58" [_thread_blocked, id=14068, stack(0x000000c973d00000,0x000000c973e00000)]
  0x00000239d1b42c50 JavaThread "Unconstrained build operations Thread 59" [_thread_blocked, id=12732, stack(0x000000c973e00000,0x000000c973f00000)]
  0x00000239d1b41910 JavaThread "Unconstrained build operations Thread 60" [_thread_blocked, id=31040, stack(0x000000c973f00000,0x000000c974000000)]
  0x00000239d1b422b0 JavaThread "Unconstrained build operations Thread 61" [_thread_blocked, id=4120, stack(0x000000c974000000,0x000000c974100000)]
  0x00000239d1e1e100 JavaThread "Unconstrained build operations Thread 62" [_thread_blocked, id=36788, stack(0x000000c974100000,0x000000c974200000)]
  0x00000239d1e1c8f0 JavaThread "Unconstrained build operations Thread 63" [_thread_blocked, id=35884, stack(0x000000c974200000,0x000000c974300000)]

Other Threads:
  0x00000239c91590d0 VMThread "VM Thread" [stack: 0x000000c96a600000,0x000000c96a700000] [id=35188]
  0x00000239ade22db0 WatcherThread [stack: 0x000000c96b400000,0x000000c96b500000] [id=10908]
  0x00000239ade0e2a0 GCTaskThread "GC Thread#0" [stack: 0x000000c96a100000,0x000000c96a200000] [id=992]
  0x00000239cab2d500 GCTaskThread "GC Thread#1" [stack: 0x000000c96ba00000,0x000000c96bb00000] [id=29664]
  0x00000239caf3bb00 GCTaskThread "GC Thread#2" [stack: 0x000000c96bb00000,0x000000c96bc00000] [id=35648]
  0x00000239caf3c1c0 GCTaskThread "GC Thread#3" [stack: 0x000000c96bc00000,0x000000c96bd00000] [id=35556]
  0x00000239caf3c470 GCTaskThread "GC Thread#4" [stack: 0x000000c96bd00000,0x000000c96be00000] [id=31616]
  0x00000239cb563c40 GCTaskThread "GC Thread#5" [stack: 0x000000c96be00000,0x000000c96bf00000] [id=4628]
=>0x00000239cc419a10 GCTaskThread "GC Thread#6" [stack: 0x000000c96d100000,0x000000c96d200000] [id=25524]
  0x00000239cc419cc0 GCTaskThread "GC Thread#7" [stack: 0x000000c96d200000,0x000000c96d300000] [id=15096]
  0x00000239cc419f70 GCTaskThread "GC Thread#8" [stack: 0x000000c96d300000,0x000000c96d400000] [id=8996]
  0x00000239ccc3d090 GCTaskThread "GC Thread#9" [stack: 0x000000c96d400000,0x000000c96d500000] [id=3928]
  0x00000239ccc3de00 GCTaskThread "GC Thread#10" [stack: 0x000000c96d500000,0x000000c96d600000] [id=34236]
  0x00000239ccc3d340 GCTaskThread "GC Thread#11" [stack: 0x000000c96d600000,0x000000c96d700000] [id=13408]
  0x00000239ccc3d5f0 GCTaskThread "GC Thread#12" [stack: 0x000000c96d700000,0x000000c96d800000] [id=22544]
  0x00000239ade14100 ConcurrentGCThread "G1 Main Marker" [stack: 0x000000c96a200000,0x000000c96a300000] [id=7612]
  0x00000239ade151c0 ConcurrentGCThread "G1 Conc#0" [stack: 0x000000c96a300000,0x000000c96a400000] [id=26928]
  0x00000239ccc3d8a0 ConcurrentGCThread "G1 Conc#1" [stack: 0x000000c96d800000,0x000000c96d900000] [id=11504]
  0x00000239ccc3db50 ConcurrentGCThread "G1 Conc#2" [stack: 0x000000c96d900000,0x000000c96da00000] [id=15936]
  0x00000239adebdcb0 ConcurrentGCThread "G1 Refine#0" [stack: 0x000000c96a400000,0x000000c96a500000] [id=34064]
  0x00000239d22ae720 ConcurrentGCThread "G1 Refine#1" [stack: 0x000000c970600000,0x000000c970700000] [id=2084]
  0x00000239adebe5e0 ConcurrentGCThread "G1 Service" [stack: 0x000000c96a500000,0x000000c96a600000] [id=22220]

Threads with active compile tasks:
C1 CompilerThread2     5118 8779       3       java.util.zip.ZipFile$Source::close (50 bytes)
C2 CompilerThread2     5119 8777       4       java.util.zip.ZipFile$Source::initCEN (591 bytes)
C2 CompilerThread5     5119 8685 % !   4       java.util.jar.Attributes::read @ 214 (494 bytes)

VM state: at safepoint (normal execution)

VM Mutex/Monitor currently owned by a thread:  ([mutex/lock_event])
[0x00000239adddaf20] Threads_lock - owner thread: 0x00000239c91590d0
[0x00000239adddb820] Heap_lock - owner thread: 0x00000239d1f06bd0

Heap address: 0x00000000e0000000, size: 512 MB, Compressed Oops mode: 32-bit

CDS archive(s) mapped at: [0x0000000800000000-0x0000000800bd0000-0x0000000800bd0000), size 12386304, SharedBaseAddress: 0x0000000800000000, ArchiveRelocationMode: 0.
Compressed class space mapped at: 0x0000000800c00000-0x000000080dc00000, reserved size: 218103808
Narrow klass base: 0x0000000800000000, Narrow klass shift: 0, Narrow klass range: 0x100000000

GC Precious Log:
 CPUs: 16 total, 16 available
 Memory: 32562M
 Large Page Support: Disabled
 NUMA Support: Disabled
 Compressed Oops: Enabled (32-bit)
 Heap Region Size: 1M
 Heap Min Capacity: 256M
 Heap Initial Capacity: 256M
 Heap Max Capacity: 512M
 Pre-touch: Disabled
 Parallel Workers: 13
 Concurrent Workers: 3
 Concurrent Refinement Workers: 13
 Periodic GC: Disabled

Heap:
 garbage-first heap   total 262144K, used 178322K [0x00000000e0000000, 0x0000000100000000)
  region size 1024K, 139 young (142336K), 6 survivors (6144K)
 Metaspace       used 51835K, committed 52480K, reserved 262144K
  class space    used 7265K, committed 7552K, reserved 212992K

Heap Regions: E=young(eden), S=young(survivor), O=old, HS=humongous(starts), HC=humongous(continues), CS=collection set, F=free, OA=open archive, CA=closed archive, TAMS=top-at-mark-start (previous, next)
|   0|0x00000000e0000000, 0x00000000e0100000, 0x00000000e0100000|100%| O|  |TAMS 0x00000000e0000000, 0x00000000e0000000| Untracked 
|   1|0x00000000e0100000, 0x00000000e0200000, 0x00000000e0200000|100%| O|  |TAMS 0x00000000e0200000, 0x00000000e0100000| Untracked 
|   2|0x00000000e0200000, 0x00000000e0300000, 0x00000000e0300000|100%| O|  |TAMS 0x00000000e0300000, 0x00000000e0200000| Untracked 
|   3|0x00000000e0300000, 0x00000000e0400000, 0x00000000e0400000|100%|HS|  |TAMS 0x00000000e0400000, 0x00000000e0300000| Complete 
|   4|0x00000000e0400000, 0x00000000e0500000, 0x00000000e0500000|100%|HC|  |TAMS 0x00000000e0500000, 0x00000000e0400000| Complete 
|   5|0x00000000e0500000, 0x00000000e0600000, 0x00000000e0600000|100%|HC|  |TAMS 0x00000000e0600000, 0x00000000e0500000| Complete 
|   6|0x00000000e0600000, 0x00000000e0700000, 0x00000000e0700000|100%| O|  |TAMS 0x00000000e0700000, 0x00000000e0600000| Untracked 
|   7|0x00000000e0700000, 0x00000000e0800000, 0x00000000e0800000|100%| O|  |TAMS 0x00000000e0800000, 0x00000000e0700000| Untracked 
|   8|0x00000000e0800000, 0x00000000e0900000, 0x00000000e0900000|100%| O|  |TAMS 0x00000000e0900000, 0x00000000e0800000| Untracked 
|   9|0x00000000e0900000, 0x00000000e0a00000, 0x00000000e0a00000|100%| O|  |TAMS 0x00000000e09e8400, 0x00000000e0900000| Untracked 
|  10|0x00000000e0a00000, 0x00000000e0b00000, 0x00000000e0b00000|100%| O|  |TAMS 0x00000000e0a00000, 0x00000000e0a00000| Untracked 
|  11|0x00000000e0b00000, 0x00000000e0c00000, 0x00000000e0c00000|100%| O|  |TAMS 0x00000000e0b00000, 0x00000000e0b00000| Untracked 
|  12|0x00000000e0c00000, 0x00000000e0d00000, 0x00000000e0d00000|100%| O|  |TAMS 0x00000000e0c00000, 0x00000000e0c00000| Untracked 
|  13|0x00000000e0d00000, 0x00000000e0e00000, 0x00000000e0e00000|100%| O|  |TAMS 0x00000000e0d00000, 0x00000000e0d00000| Untracked 
|  14|0x00000000e0e00000, 0x00000000e0f00000, 0x00000000e0f00000|100%| O|  |TAMS 0x00000000e0e00000, 0x00000000e0e00000| Untracked 
|  15|0x00000000e0f00000, 0x00000000e1000000, 0x00000000e1000000|100%| O|  |TAMS 0x00000000e0f00000, 0x00000000e0f00000| Untracked 
|  16|0x00000000e1000000, 0x00000000e1100000, 0x00000000e1100000|100%| O|  |TAMS 0x00000000e1000000, 0x00000000e1000000| Untracked 
|  17|0x00000000e1100000, 0x00000000e1200000, 0x00000000e1200000|100%| O|  |TAMS 0x00000000e1100000, 0x00000000e1100000| Untracked 
|  18|0x00000000e1200000, 0x00000000e1300000, 0x00000000e1300000|100%| O|  |TAMS 0x00000000e1200000, 0x00000000e1200000| Untracked 
|  19|0x00000000e1300000, 0x00000000e1400000, 0x00000000e1400000|100%| O|  |TAMS 0x00000000e1300000, 0x00000000e1300000| Untracked 
|  20|0x00000000e1400000, 0x00000000e1500000, 0x00000000e1500000|100%| O|  |TAMS 0x00000000e1400000, 0x00000000e1400000| Untracked 
|  21|0x00000000e1500000, 0x00000000e1600000, 0x00000000e1600000|100%| O|  |TAMS 0x00000000e1500000, 0x00000000e1500000| Untracked 
|  22|0x00000000e1600000, 0x00000000e1700000, 0x00000000e1700000|100%| O|  |TAMS 0x00000000e1600000, 0x00000000e1600000| Untracked 
|  23|0x00000000e1700000, 0x00000000e1800000, 0x00000000e1800000|100%| O|  |TAMS 0x00000000e1700000, 0x00000000e1700000| Untracked 
|  24|0x00000000e1800000, 0x00000000e1900000, 0x00000000e1900000|100%| O|  |TAMS 0x00000000e1800000, 0x00000000e1800000| Untracked 
|  25|0x00000000e1900000, 0x00000000e1a00000, 0x00000000e1a00000|100%| O|  |TAMS 0x00000000e1900000, 0x00000000e1900000| Untracked 
|  26|0x00000000e1a00000, 0x00000000e1b00000, 0x00000000e1b00000|100%| O|  |TAMS 0x00000000e1a00000, 0x00000000e1a00000| Untracked 
|  27|0x00000000e1b00000, 0x00000000e1c00000, 0x00000000e1c00000|100%| O|  |TAMS 0x00000000e1b00000, 0x00000000e1b00000| Untracked 
|  28|0x00000000e1c00000, 0x00000000e1d00000, 0x00000000e1d00000|100%| O|  |TAMS 0x00000000e1c00000, 0x00000000e1c00000| Untracked 
|  29|0x00000000e1d00000, 0x00000000e1e00000, 0x00000000e1e00000|100%| O|  |TAMS 0x00000000e1d00000, 0x00000000e1d00000| Untracked 
|  30|0x00000000e1e00000, 0x00000000e1f00000, 0x00000000e1f00000|100%| O|  |TAMS 0x00000000e1e00000, 0x00000000e1e00000| Untracked 
|  31|0x00000000e1f00000, 0x00000000e2000000, 0x00000000e2000000|100%| O|  |TAMS 0x00000000e1f00000, 0x00000000e1f00000| Untracked 
|  32|0x00000000e2000000, 0x00000000e2100000, 0x00000000e2100000|100%| O|  |TAMS 0x00000000e2000000, 0x00000000e2000000| Untracked 
|  33|0x00000000e2100000, 0x00000000e2200000, 0x00000000e2200000|100%| O|  |TAMS 0x00000000e2100000, 0x00000000e2100000| Untracked 
|  34|0x00000000e2200000, 0x00000000e2300000, 0x00000000e2300000|100%| O|  |TAMS 0x00000000e2200000, 0x00000000e2200000| Untracked 
|  35|0x00000000e2300000, 0x00000000e2400000, 0x00000000e2400000|100%| O|  |TAMS 0x00000000e2300000, 0x00000000e2300000| Untracked 
|  36|0x00000000e2400000, 0x00000000e2400000, 0x00000000e2500000|  0%| F|  |TAMS 0x00000000e2400000, 0x00000000e2400000| Untracked 
|  37|0x00000000e2500000, 0x00000000e2500000, 0x00000000e2600000|  0%| F|  |TAMS 0x00000000e2500000, 0x00000000e2500000| Untracked 
|  38|0x00000000e2600000, 0x00000000e2600000, 0x00000000e2700000|  0%| F|  |TAMS 0x00000000e2600000, 0x00000000e2600000| Untracked 
|  39|0x00000000e2700000, 0x00000000e2700000, 0x00000000e2800000|  0%| F|  |TAMS 0x00000000e2700000, 0x00000000e2700000| Untracked 
|  40|0x00000000e2800000, 0x00000000e2800000, 0x00000000e2900000|  0%| F|  |TAMS 0x00000000e2800000, 0x00000000e2800000| Untracked 
|  41|0x00000000e2900000, 0x00000000e2900000, 0x00000000e2a00000|  0%| F|  |TAMS 0x00000000e2900000, 0x00000000e2900000| Untracked 
|  42|0x00000000e2a00000, 0x00000000e2a00000, 0x00000000e2b00000|  0%| F|  |TAMS 0x00000000e2a00000, 0x00000000e2a00000| Untracked 
|  43|0x00000000e2b00000, 0x00000000e2b00000, 0x00000000e2c00000|  0%| F|  |TAMS 0x00000000e2b00000, 0x00000000e2b00000| Untracked 
|  44|0x00000000e2c00000, 0x00000000e2c00000, 0x00000000e2d00000|  0%| F|  |TAMS 0x00000000e2c00000, 0x00000000e2c00000| Untracked 
|  45|0x00000000e2d00000, 0x00000000e2d00000, 0x00000000e2e00000|  0%| F|  |TAMS 0x00000000e2d00000, 0x00000000e2d00000| Untracked 
|  46|0x00000000e2e00000, 0x00000000e2e00000, 0x00000000e2f00000|  0%| F|  |TAMS 0x00000000e2e00000, 0x00000000e2e00000| Untracked 
|  47|0x00000000e2f00000, 0x00000000e2f00000, 0x00000000e3000000|  0%| F|  |TAMS 0x00000000e2f00000, 0x00000000e2f00000| Untracked 
|  48|0x00000000e3000000, 0x00000000e3000000, 0x00000000e3100000|  0%| F|  |TAMS 0x00000000e3000000, 0x00000000e3000000| Untracked 
|  49|0x00000000e3100000, 0x00000000e3100000, 0x00000000e3200000|  0%| F|  |TAMS 0x00000000e3100000, 0x00000000e3100000| Untracked 
|  50|0x00000000e3200000, 0x00000000e3200000, 0x00000000e3300000|  0%| F|  |TAMS 0x00000000e3200000, 0x00000000e3200000| Untracked 
|  51|0x00000000e3300000, 0x00000000e3300000, 0x00000000e3400000|  0%| F|  |TAMS 0x00000000e3300000, 0x00000000e3300000| Untracked 
|  52|0x00000000e3400000, 0x00000000e3400000, 0x00000000e3500000|  0%| F|  |TAMS 0x00000000e3400000, 0x00000000e3400000| Untracked 
|  53|0x00000000e3500000, 0x00000000e3500000, 0x00000000e3600000|  0%| F|  |TAMS 0x00000000e3500000, 0x00000000e3500000| Untracked 
|  54|0x00000000e3600000, 0x00000000e3600000, 0x00000000e3700000|  0%| F|  |TAMS 0x00000000e3600000, 0x00000000e3600000| Untracked 
|  55|0x00000000e3700000, 0x00000000e3700000, 0x00000000e3800000|  0%| F|  |TAMS 0x00000000e3700000, 0x00000000e3700000| Untracked 
|  56|0x00000000e3800000, 0x00000000e3800000, 0x00000000e3900000|  0%| F|  |TAMS 0x00000000e3800000, 0x00000000e3800000| Untracked 
|  57|0x00000000e3900000, 0x00000000e3900000, 0x00000000e3a00000|  0%| F|  |TAMS 0x00000000e3900000, 0x00000000e3900000| Untracked 
|  58|0x00000000e3a00000, 0x00000000e3a00000, 0x00000000e3b00000|  0%| F|  |TAMS 0x00000000e3a00000, 0x00000000e3a00000| Untracked 
|  59|0x00000000e3b00000, 0x00000000e3b00000, 0x00000000e3c00000|  0%| F|  |TAMS 0x00000000e3b00000, 0x00000000e3b00000| Untracked 
|  60|0x00000000e3c00000, 0x00000000e3c00000, 0x00000000e3d00000|  0%| F|  |TAMS 0x00000000e3c00000, 0x00000000e3c00000| Untracked 
|  61|0x00000000e3d00000, 0x00000000e3d00000, 0x00000000e3e00000|  0%| F|  |TAMS 0x00000000e3d00000, 0x00000000e3d00000| Untracked 
|  62|0x00000000e3e00000, 0x00000000e3e00000, 0x00000000e3f00000|  0%| F|  |TAMS 0x00000000e3e00000, 0x00000000e3e00000| Untracked 
|  63|0x00000000e3f00000, 0x00000000e3f00000, 0x00000000e4000000|  0%| F|  |TAMS 0x00000000e3f00000, 0x00000000e3f00000| Untracked 
|  64|0x00000000e4000000, 0x00000000e4000000, 0x00000000e4100000|  0%| F|  |TAMS 0x00000000e4000000, 0x00000000e4000000| Untracked 
|  65|0x00000000e4100000, 0x00000000e4100000, 0x00000000e4200000|  0%| F|  |TAMS 0x00000000e4100000, 0x00000000e4100000| Untracked 
|  66|0x00000000e4200000, 0x00000000e4200000, 0x00000000e4300000|  0%| F|  |TAMS 0x00000000e4200000, 0x00000000e4200000| Untracked 
|  67|0x00000000e4300000, 0x00000000e4300000, 0x00000000e4400000|  0%| F|  |TAMS 0x00000000e4300000, 0x00000000e4300000| Untracked 
|  68|0x00000000e4400000, 0x00000000e4400000, 0x00000000e4500000|  0%| F|  |TAMS 0x00000000e4400000, 0x00000000e4400000| Untracked 
|  69|0x00000000e4500000, 0x00000000e4500000, 0x00000000e4600000|  0%| F|  |TAMS 0x00000000e4500000, 0x00000000e4500000| Untracked 
|  70|0x00000000e4600000, 0x00000000e4600000, 0x00000000e4700000|  0%| F|  |TAMS 0x00000000e4600000, 0x00000000e4600000| Untracked 
|  71|0x00000000e4700000, 0x00000000e4700000, 0x00000000e4800000|  0%| F|  |TAMS 0x00000000e4700000, 0x00000000e4700000| Untracked 
|  72|0x00000000e4800000, 0x00000000e4800000, 0x00000000e4900000|  0%| F|  |TAMS 0x00000000e4800000, 0x00000000e4800000| Untracked 
|  73|0x00000000e4900000, 0x00000000e4900000, 0x00000000e4a00000|  0%| F|  |TAMS 0x00000000e4900000, 0x00000000e4900000| Untracked 
|  74|0x00000000e4a00000, 0x00000000e4a00000, 0x00000000e4b00000|  0%| F|  |TAMS 0x00000000e4a00000, 0x00000000e4a00000| Untracked 
|  75|0x00000000e4b00000, 0x00000000e4b00000, 0x00000000e4c00000|  0%| F|  |TAMS 0x00000000e4b00000, 0x00000000e4b00000| Untracked 
|  76|0x00000000e4c00000, 0x00000000e4c00000, 0x00000000e4d00000|  0%| F|  |TAMS 0x00000000e4c00000, 0x00000000e4c00000| Untracked 
|  77|0x00000000e4d00000, 0x00000000e4d00000, 0x00000000e4e00000|  0%| F|  |TAMS 0x00000000e4d00000, 0x00000000e4d00000| Untracked 
|  78|0x00000000e4e00000, 0x00000000e4e00000, 0x00000000e4f00000|  0%| F|  |TAMS 0x00000000e4e00000, 0x00000000e4e00000| Untracked 
|  79|0x00000000e4f00000, 0x00000000e4f00000, 0x00000000e5000000|  0%| F|  |TAMS 0x00000000e4f00000, 0x00000000e4f00000| Untracked 
|  80|0x00000000e5000000, 0x00000000e5000000, 0x00000000e5100000|  0%| F|  |TAMS 0x00000000e5000000, 0x00000000e5000000| Untracked 
|  81|0x00000000e5100000, 0x00000000e5100000, 0x00000000e5200000|  0%| F|  |TAMS 0x00000000e5100000, 0x00000000e5100000| Untracked 
|  82|0x00000000e5200000, 0x00000000e5200000, 0x00000000e5300000|  0%| F|  |TAMS 0x00000000e5200000, 0x00000000e5200000| Untracked 
|  83|0x00000000e5300000, 0x00000000e5400000, 0x00000000e5400000|100%| E|CS|TAMS 0x00000000e5300000, 0x00000000e5300000| Complete 
|  84|0x00000000e5400000, 0x00000000e5500000, 0x00000000e5500000|100%| E|CS|TAMS 0x00000000e5400000, 0x00000000e5400000| Complete 
|  85|0x00000000e5500000, 0x00000000e5600000, 0x00000000e5600000|100%| E|CS|TAMS 0x00000000e5500000, 0x00000000e5500000| Complete 
|  86|0x00000000e5600000, 0x00000000e5700000, 0x00000000e5700000|100%| E|CS|TAMS 0x00000000e5600000, 0x00000000e5600000| Complete 
|  87|0x00000000e5700000, 0x00000000e5800000, 0x00000000e5800000|100%| E|CS|TAMS 0x00000000e5700000, 0x00000000e5700000| Complete 
|  88|0x00000000e5800000, 0x00000000e5900000, 0x00000000e5900000|100%| E|CS|TAMS 0x00000000e5800000, 0x00000000e5800000| Complete 
|  89|0x00000000e5900000, 0x00000000e5a00000, 0x00000000e5a00000|100%| E|CS|TAMS 0x00000000e5900000, 0x00000000e5900000| Complete 
|  90|0x00000000e5a00000, 0x00000000e5b00000, 0x00000000e5b00000|100%| E|CS|TAMS 0x00000000e5a00000, 0x00000000e5a00000| Complete 
|  91|0x00000000e5b00000, 0x00000000e5c00000, 0x00000000e5c00000|100%| E|CS|TAMS 0x00000000e5b00000, 0x00000000e5b00000| Complete 
|  92|0x00000000e5c00000, 0x00000000e5d00000, 0x00000000e5d00000|100%| E|CS|TAMS 0x00000000e5c00000, 0x00000000e5c00000| Complete 
|  93|0x00000000e5d00000, 0x00000000e5e00000, 0x00000000e5e00000|100%| E|CS|TAMS 0x00000000e5d00000, 0x00000000e5d00000| Complete 
|  94|0x00000000e5e00000, 0x00000000e5f00000, 0x00000000e5f00000|100%| E|CS|TAMS 0x00000000e5e00000, 0x00000000e5e00000| Complete 
|  95|0x00000000e5f00000, 0x00000000e6000000, 0x00000000e6000000|100%| E|CS|TAMS 0x00000000e5f00000, 0x00000000e5f00000| Complete 
|  96|0x00000000e6000000, 0x00000000e6100000, 0x00000000e6100000|100%| E|CS|TAMS 0x00000000e6000000, 0x00000000e6000000| Complete 
|  97|0x00000000e6100000, 0x00000000e6200000, 0x00000000e6200000|100%| E|CS|TAMS 0x00000000e6100000, 0x00000000e6100000| Complete 
|  98|0x00000000e6200000, 0x00000000e6300000, 0x00000000e6300000|100%| E|CS|TAMS 0x00000000e6200000, 0x00000000e6200000| Complete 
|  99|0x00000000e6300000, 0x00000000e6400000, 0x00000000e6400000|100%| E|CS|TAMS 0x00000000e6300000, 0x00000000e6300000| Complete 
| 100|0x00000000e6400000, 0x00000000e6500000, 0x00000000e6500000|100%| E|CS|TAMS 0x00000000e6400000, 0x00000000e6400000| Complete 
| 101|0x00000000e6500000, 0x00000000e6600000, 0x00000000e6600000|100%| E|CS|TAMS 0x00000000e6500000, 0x00000000e6500000| Complete 
| 102|0x00000000e6600000, 0x00000000e6700000, 0x00000000e6700000|100%| E|CS|TAMS 0x00000000e6600000, 0x00000000e6600000| Complete 
| 103|0x00000000e6700000, 0x00000000e6700000, 0x00000000e6800000|  0%| F|  |TAMS 0x00000000e6700000, 0x00000000e6700000| Untracked 
| 104|0x00000000e6800000, 0x00000000e6800000, 0x00000000e6900000|  0%| F|  |TAMS 0x00000000e6800000, 0x00000000e6800000| Untracked 
| 105|0x00000000e6900000, 0x00000000e6900000, 0x00000000e6a00000|  0%| F|  |TAMS 0x00000000e6900000, 0x00000000e6900000| Untracked 
| 106|0x00000000e6a00000, 0x00000000e6a00000, 0x00000000e6b00000|  0%| F|  |TAMS 0x00000000e6a00000, 0x00000000e6a00000| Untracked 
| 107|0x00000000e6b00000, 0x00000000e6b00000, 0x00000000e6c00000|  0%| F|  |TAMS 0x00000000e6b00000, 0x00000000e6b00000| Untracked 
| 108|0x00000000e6c00000, 0x00000000e6c00000, 0x00000000e6d00000|  0%| F|  |TAMS 0x00000000e6c00000, 0x00000000e6c00000| Untracked 
| 109|0x00000000e6d00000, 0x00000000e6d00000, 0x00000000e6e00000|  0%| F|  |TAMS 0x00000000e6d00000, 0x00000000e6d00000| Untracked 
| 110|0x00000000e6e00000, 0x00000000e6e00000, 0x00000000e6f00000|  0%| F|  |TAMS 0x00000000e6e00000, 0x00000000e6e00000| Untracked 
| 111|0x00000000e6f00000, 0x00000000e6f00000, 0x00000000e7000000|  0%| F|  |TAMS 0x00000000e6f00000, 0x00000000e6f00000| Untracked 
| 112|0x00000000e7000000, 0x00000000e7000000, 0x00000000e7100000|  0%| F|  |TAMS 0x00000000e7000000, 0x00000000e7000000| Untracked 
| 113|0x00000000e7100000, 0x00000000e7100000, 0x00000000e7200000|  0%| F|  |TAMS 0x00000000e7100000, 0x00000000e7100000| Untracked 
| 114|0x00000000e7200000, 0x00000000e7200000, 0x00000000e7300000|  0%| F|  |TAMS 0x00000000e7200000, 0x00000000e7200000| Untracked 
| 115|0x00000000e7300000, 0x00000000e7300000, 0x00000000e7400000|  0%| F|  |TAMS 0x00000000e7300000, 0x00000000e7300000| Untracked 
| 116|0x00000000e7400000, 0x00000000e7400000, 0x00000000e7500000|  0%| F|  |TAMS 0x00000000e7400000, 0x00000000e7400000| Untracked 
| 117|0x00000000e7500000, 0x00000000e7600000, 0x00000000e7600000|100%| S|  |TAMS 0x00000000e7500000, 0x00000000e7500000| Complete 
| 118|0x00000000e7600000, 0x00000000e7700000, 0x00000000e7700000|100%| S|  |TAMS 0x00000000e7600000, 0x00000000e7600000| Complete 
| 119|0x00000000e7700000, 0x00000000e7800000, 0x00000000e7800000|100%| S|  |TAMS 0x00000000e7700000, 0x00000000e7700000| Complete 
| 120|0x00000000e7800000, 0x00000000e7900000, 0x00000000e7900000|100%| S|  |TAMS 0x00000000e7800000, 0x00000000e7800000| Complete 
| 121|0x00000000e7900000, 0x00000000e7a00000, 0x00000000e7a00000|100%| S|  |TAMS 0x00000000e7900000, 0x00000000e7900000| Complete 
| 122|0x00000000e7a00000, 0x00000000e7b00000, 0x00000000e7b00000|100%| S|  |TAMS 0x00000000e7a00000, 0x00000000e7a00000| Complete 
| 123|0x00000000e7b00000, 0x00000000e7bea030, 0x00000000e7c00000| 91%| E|CS|TAMS 0x00000000e7b00000, 0x00000000e7b00000| Complete 
| 124|0x00000000e7c00000, 0x00000000e7d00000, 0x00000000e7d00000|100%| E|CS|TAMS 0x00000000e7c00000, 0x00000000e7c00000| Complete 
| 125|0x00000000e7d00000, 0x00000000e7e00000, 0x00000000e7e00000|100%| E|CS|TAMS 0x00000000e7d00000, 0x00000000e7d00000| Complete 
| 126|0x00000000e7e00000, 0x00000000e7f00000, 0x00000000e7f00000|100%| E|CS|TAMS 0x00000000e7e00000, 0x00000000e7e00000| Complete 
| 127|0x00000000e7f00000, 0x00000000e8000000, 0x00000000e8000000|100%| E|CS|TAMS 0x00000000e7f00000, 0x00000000e7f00000| Complete 
| 128|0x00000000e8000000, 0x00000000e8100000, 0x00000000e8100000|100%| E|CS|TAMS 0x00000000e8000000, 0x00000000e8000000| Complete 
| 129|0x00000000e8100000, 0x00000000e8200000, 0x00000000e8200000|100%| E|CS|TAMS 0x00000000e8100000, 0x00000000e8100000| Complete 
| 130|0x00000000e8200000, 0x00000000e8300000, 0x00000000e8300000|100%| E|CS|TAMS 0x00000000e8200000, 0x00000000e8200000| Complete 
| 131|0x00000000e8300000, 0x00000000e8400000, 0x00000000e8400000|100%| E|CS|TAMS 0x00000000e8300000, 0x00000000e8300000| Complete 
| 132|0x00000000e8400000, 0x00000000e8500000, 0x00000000e8500000|100%| E|CS|TAMS 0x00000000e8400000, 0x00000000e8400000| Complete 
| 133|0x00000000e8500000, 0x00000000e8600000, 0x00000000e8600000|100%| E|CS|TAMS 0x00000000e8500000, 0x00000000e8500000| Complete 
| 134|0x00000000e8600000, 0x00000000e8700000, 0x00000000e8700000|100%| E|CS|TAMS 0x00000000e8600000, 0x00000000e8600000| Complete 
| 135|0x00000000e8700000, 0x00000000e8800000, 0x00000000e8800000|100%| E|CS|TAMS 0x00000000e8700000, 0x00000000e8700000| Complete 
| 136|0x00000000e8800000, 0x00000000e8900000, 0x00000000e8900000|100%| E|CS|TAMS 0x00000000e8800000, 0x00000000e8800000| Complete 
| 137|0x00000000e8900000, 0x00000000e8a00000, 0x00000000e8a00000|100%| E|CS|TAMS 0x00000000e8900000, 0x00000000e8900000| Complete 
| 138|0x00000000e8a00000, 0x00000000e8b00000, 0x00000000e8b00000|100%| E|CS|TAMS 0x00000000e8a00000, 0x00000000e8a00000| Complete 
| 139|0x00000000e8b00000, 0x00000000e8c00000, 0x00000000e8c00000|100%| E|CS|TAMS 0x00000000e8b00000, 0x00000000e8b00000| Complete 
| 140|0x00000000e8c00000, 0x00000000e8d00000, 0x00000000e8d00000|100%| E|CS|TAMS 0x00000000e8c00000, 0x00000000e8c00000| Complete 
| 141|0x00000000e8d00000, 0x00000000e8e00000, 0x00000000e8e00000|100%| E|CS|TAMS 0x00000000e8d00000, 0x00000000e8d00000| Complete 
| 142|0x00000000e8e00000, 0x00000000e8f00000, 0x00000000e8f00000|100%| E|CS|TAMS 0x00000000e8e00000, 0x00000000e8e00000| Complete 
| 143|0x00000000e8f00000, 0x00000000e9000000, 0x00000000e9000000|100%| E|CS|TAMS 0x00000000e8f00000, 0x00000000e8f00000| Complete 
| 144|0x00000000e9000000, 0x00000000e9100000, 0x00000000e9100000|100%| E|CS|TAMS 0x00000000e9000000, 0x00000000e9000000| Complete 
| 145|0x00000000e9100000, 0x00000000e9200000, 0x00000000e9200000|100%| E|CS|TAMS 0x00000000e9100000, 0x00000000e9100000| Complete 
| 146|0x00000000e9200000, 0x00000000e9300000, 0x00000000e9300000|100%| E|CS|TAMS 0x00000000e9200000, 0x00000000e9200000| Complete 
| 147|0x00000000e9300000, 0x00000000e9400000, 0x00000000e9400000|100%| E|CS|TAMS 0x00000000e9300000, 0x00000000e9300000| Complete 
| 148|0x00000000e9400000, 0x00000000e9500000, 0x00000000e9500000|100%| E|CS|TAMS 0x00000000e9400000, 0x00000000e9400000| Complete 
| 149|0x00000000e9500000, 0x00000000e9600000, 0x00000000e9600000|100%| E|CS|TAMS 0x00000000e9500000, 0x00000000e9500000| Complete 
| 150|0x00000000e9600000, 0x00000000e9700000, 0x00000000e9700000|100%| E|CS|TAMS 0x00000000e9600000, 0x00000000e9600000| Complete 
| 151|0x00000000e9700000, 0x00000000e9800000, 0x00000000e9800000|100%| E|CS|TAMS 0x00000000e9700000, 0x00000000e9700000| Complete 
| 152|0x00000000e9800000, 0x00000000e9900000, 0x00000000e9900000|100%| E|CS|TAMS 0x00000000e9800000, 0x00000000e9800000| Complete 
| 153|0x00000000e9900000, 0x00000000e9a00000, 0x00000000e9a00000|100%| E|CS|TAMS 0x00000000e9900000, 0x00000000e9900000| Complete 
| 154|0x00000000e9a00000, 0x00000000e9b00000, 0x00000000e9b00000|100%| E|CS|TAMS 0x00000000e9a00000, 0x00000000e9a00000| Complete 
| 155|0x00000000e9b00000, 0x00000000e9c00000, 0x00000000e9c00000|100%| E|CS|TAMS 0x00000000e9b00000, 0x00000000e9b00000| Complete 
| 156|0x00000000e9c00000, 0x00000000e9d00000, 0x00000000e9d00000|100%| E|CS|TAMS 0x00000000e9c00000, 0x00000000e9c00000| Complete 
| 157|0x00000000e9d00000, 0x00000000e9e00000, 0x00000000e9e00000|100%| E|CS|TAMS 0x00000000e9d00000, 0x00000000e9d00000| Complete 
| 158|0x00000000e9e00000, 0x00000000e9f00000, 0x00000000e9f00000|100%| E|CS|TAMS 0x00000000e9e00000, 0x00000000e9e00000| Complete 
| 159|0x00000000e9f00000, 0x00000000ea000000, 0x00000000ea000000|100%| E|CS|TAMS 0x00000000e9f00000, 0x00000000e9f00000| Complete 
| 160|0x00000000ea000000, 0x00000000ea100000, 0x00000000ea100000|100%| E|CS|TAMS 0x00000000ea000000, 0x00000000ea000000| Complete 
| 161|0x00000000ea100000, 0x00000000ea200000, 0x00000000ea200000|100%| E|CS|TAMS 0x00000000ea100000, 0x00000000ea100000| Complete 
| 162|0x00000000ea200000, 0x00000000ea300000, 0x00000000ea300000|100%| E|CS|TAMS 0x00000000ea200000, 0x00000000ea200000| Complete 
| 163|0x00000000ea300000, 0x00000000ea400000, 0x00000000ea400000|100%| E|CS|TAMS 0x00000000ea300000, 0x00000000ea300000| Complete 
| 164|0x00000000ea400000, 0x00000000ea500000, 0x00000000ea500000|100%| E|CS|TAMS 0x00000000ea400000, 0x00000000ea400000| Complete 
| 165|0x00000000ea500000, 0x00000000ea600000, 0x00000000ea600000|100%| E|CS|TAMS 0x00000000ea500000, 0x00000000ea500000| Complete 
| 166|0x00000000ea600000, 0x00000000ea700000, 0x00000000ea700000|100%| E|CS|TAMS 0x00000000ea600000, 0x00000000ea600000| Complete 
| 167|0x00000000ea700000, 0x00000000ea800000, 0x00000000ea800000|100%| E|CS|TAMS 0x00000000ea700000, 0x00000000ea700000| Complete 
| 168|0x00000000ea800000, 0x00000000ea900000, 0x00000000ea900000|100%| E|CS|TAMS 0x00000000ea800000, 0x00000000ea800000| Complete 
| 169|0x00000000ea900000, 0x00000000eaa00000, 0x00000000eaa00000|100%| E|CS|TAMS 0x00000000ea900000, 0x00000000ea900000| Complete 
| 170|0x00000000eaa00000, 0x00000000eab00000, 0x00000000eab00000|100%| E|CS|TAMS 0x00000000eaa00000, 0x00000000eaa00000| Complete 
| 171|0x00000000eab00000, 0x00000000eac00000, 0x00000000eac00000|100%| E|CS|TAMS 0x00000000eab00000, 0x00000000eab00000| Complete 
| 172|0x00000000eac00000, 0x00000000ead00000, 0x00000000ead00000|100%| E|CS|TAMS 0x00000000eac00000, 0x00000000eac00000| Complete 
| 173|0x00000000ead00000, 0x00000000eae00000, 0x00000000eae00000|100%| E|CS|TAMS 0x00000000ead00000, 0x00000000ead00000| Complete 
| 174|0x00000000eae00000, 0x00000000eaf00000, 0x00000000eaf00000|100%| E|CS|TAMS 0x00000000eae00000, 0x00000000eae00000| Complete 
| 175|0x00000000eaf00000, 0x00000000eb000000, 0x00000000eb000000|100%| E|CS|TAMS 0x00000000eaf00000, 0x00000000eaf00000| Complete 
| 176|0x00000000eb000000, 0x00000000eb100000, 0x00000000eb100000|100%| E|CS|TAMS 0x00000000eb000000, 0x00000000eb000000| Complete 
| 177|0x00000000eb100000, 0x00000000eb200000, 0x00000000eb200000|100%| E|CS|TAMS 0x00000000eb100000, 0x00000000eb100000| Complete 
| 178|0x00000000eb200000, 0x00000000eb300000, 0x00000000eb300000|100%| E|CS|TAMS 0x00000000eb200000, 0x00000000eb200000| Complete 
| 179|0x00000000eb300000, 0x00000000eb400000, 0x00000000eb400000|100%| E|CS|TAMS 0x00000000eb300000, 0x00000000eb300000| Complete 
| 180|0x00000000eb400000, 0x00000000eb500000, 0x00000000eb500000|100%| E|CS|TAMS 0x00000000eb400000, 0x00000000eb400000| Complete 
| 181|0x00000000eb500000, 0x00000000eb600000, 0x00000000eb600000|100%| E|CS|TAMS 0x00000000eb500000, 0x00000000eb500000| Complete 
| 182|0x00000000eb600000, 0x00000000eb700000, 0x00000000eb700000|100%| E|CS|TAMS 0x00000000eb600000, 0x00000000eb600000| Complete 
| 183|0x00000000eb700000, 0x00000000eb800000, 0x00000000eb800000|100%| E|CS|TAMS 0x00000000eb700000, 0x00000000eb700000| Complete 
| 184|0x00000000eb800000, 0x00000000eb900000, 0x00000000eb900000|100%| E|CS|TAMS 0x00000000eb800000, 0x00000000eb800000| Complete 
| 185|0x00000000eb900000, 0x00000000eba00000, 0x00000000eba00000|100%| E|CS|TAMS 0x00000000eb900000, 0x00000000eb900000| Complete 
| 186|0x00000000eba00000, 0x00000000ebb00000, 0x00000000ebb00000|100%| E|CS|TAMS 0x00000000eba00000, 0x00000000eba00000| Complete 
| 187|0x00000000ebb00000, 0x00000000ebc00000, 0x00000000ebc00000|100%| E|CS|TAMS 0x00000000ebb00000, 0x00000000ebb00000| Complete 
| 188|0x00000000ebc00000, 0x00000000ebd00000, 0x00000000ebd00000|100%| E|CS|TAMS 0x00000000ebc00000, 0x00000000ebc00000| Complete 
| 189|0x00000000ebd00000, 0x00000000ebe00000, 0x00000000ebe00000|100%| E|CS|TAMS 0x00000000ebd00000, 0x00000000ebd00000| Complete 
| 190|0x00000000ebe00000, 0x00000000ebf00000, 0x00000000ebf00000|100%| E|CS|TAMS 0x00000000ebe00000, 0x00000000ebe00000| Complete 
| 191|0x00000000ebf00000, 0x00000000ec000000, 0x00000000ec000000|100%| E|CS|TAMS 0x00000000ebf00000, 0x00000000ebf00000| Complete 
| 192|0x00000000ec000000, 0x00000000ec100000, 0x00000000ec100000|100%| E|CS|TAMS 0x00000000ec000000, 0x00000000ec000000| Complete 
| 193|0x00000000ec100000, 0x00000000ec200000, 0x00000000ec200000|100%| E|CS|TAMS 0x00000000ec100000, 0x00000000ec100000| Complete 
| 194|0x00000000ec200000, 0x00000000ec300000, 0x00000000ec300000|100%| E|CS|TAMS 0x00000000ec200000, 0x00000000ec200000| Complete 
| 195|0x00000000ec300000, 0x00000000ec400000, 0x00000000ec400000|100%| E|CS|TAMS 0x00000000ec300000, 0x00000000ec300000| Complete 
| 196|0x00000000ec400000, 0x00000000ec500000, 0x00000000ec500000|100%| E|CS|TAMS 0x00000000ec400000, 0x00000000ec400000| Complete 
| 197|0x00000000ec500000, 0x00000000ec600000, 0x00000000ec600000|100%| E|CS|TAMS 0x00000000ec500000, 0x00000000ec500000| Complete 
| 198|0x00000000ec600000, 0x00000000ec700000, 0x00000000ec700000|100%| E|CS|TAMS 0x00000000ec600000, 0x00000000ec600000| Complete 
| 199|0x00000000ec700000, 0x00000000ec800000, 0x00000000ec800000|100%| E|CS|TAMS 0x00000000ec700000, 0x00000000ec700000| Complete 
| 200|0x00000000ec800000, 0x00000000ec900000, 0x00000000ec900000|100%| E|CS|TAMS 0x00000000ec800000, 0x00000000ec800000| Complete 
| 201|0x00000000ec900000, 0x00000000eca00000, 0x00000000eca00000|100%| E|CS|TAMS 0x00000000ec900000, 0x00000000ec900000| Complete 
| 202|0x00000000eca00000, 0x00000000ecb00000, 0x00000000ecb00000|100%| E|CS|TAMS 0x00000000eca00000, 0x00000000eca00000| Complete 
| 203|0x00000000ecb00000, 0x00000000ecc00000, 0x00000000ecc00000|100%| E|CS|TAMS 0x00000000ecb00000, 0x00000000ecb00000| Complete 
| 204|0x00000000ecc00000, 0x00000000ecd00000, 0x00000000ecd00000|100%| E|CS|TAMS 0x00000000ecc00000, 0x00000000ecc00000| Complete 
| 205|0x00000000ecd00000, 0x00000000ece00000, 0x00000000ece00000|100%| E|CS|TAMS 0x00000000ecd00000, 0x00000000ecd00000| Complete 
| 206|0x00000000ece00000, 0x00000000ecf00000, 0x00000000ecf00000|100%| E|CS|TAMS 0x00000000ece00000, 0x00000000ece00000| Complete 
| 207|0x00000000ecf00000, 0x00000000ed000000, 0x00000000ed000000|100%| E|CS|TAMS 0x00000000ecf00000, 0x00000000ecf00000| Complete 
| 208|0x00000000ed000000, 0x00000000ed100000, 0x00000000ed100000|100%| E|CS|TAMS 0x00000000ed000000, 0x00000000ed000000| Complete 
| 209|0x00000000ed100000, 0x00000000ed200000, 0x00000000ed200000|100%| E|CS|TAMS 0x00000000ed100000, 0x00000000ed100000| Complete 
| 210|0x00000000ed200000, 0x00000000ed300000, 0x00000000ed300000|100%| E|CS|TAMS 0x00000000ed200000, 0x00000000ed200000| Complete 
| 211|0x00000000ed300000, 0x00000000ed400000, 0x00000000ed400000|100%| E|CS|TAMS 0x00000000ed300000, 0x00000000ed300000| Complete 
| 212|0x00000000ed400000, 0x00000000ed500000, 0x00000000ed500000|100%| E|CS|TAMS 0x00000000ed400000, 0x00000000ed400000| Complete 
| 213|0x00000000ed500000, 0x00000000ed600000, 0x00000000ed600000|100%| E|CS|TAMS 0x00000000ed500000, 0x00000000ed500000| Complete 
| 214|0x00000000ed600000, 0x00000000ed700000, 0x00000000ed700000|100%| E|CS|TAMS 0x00000000ed600000, 0x00000000ed600000| Complete 
| 215|0x00000000ed700000, 0x00000000ed800000, 0x00000000ed800000|100%| E|CS|TAMS 0x00000000ed700000, 0x00000000ed700000| Complete 
| 216|0x00000000ed800000, 0x00000000ed900000, 0x00000000ed900000|100%| E|CS|TAMS 0x00000000ed800000, 0x00000000ed800000| Complete 
| 217|0x00000000ed900000, 0x00000000eda00000, 0x00000000eda00000|100%| E|CS|TAMS 0x00000000ed900000, 0x00000000ed900000| Complete 
| 218|0x00000000eda00000, 0x00000000edb00000, 0x00000000edb00000|100%| E|CS|TAMS 0x00000000eda00000, 0x00000000eda00000| Complete 
| 219|0x00000000edb00000, 0x00000000edc00000, 0x00000000edc00000|100%| E|CS|TAMS 0x00000000edb00000, 0x00000000edb00000| Complete 
| 220|0x00000000edc00000, 0x00000000edd00000, 0x00000000edd00000|100%| E|CS|TAMS 0x00000000edc00000, 0x00000000edc00000| Complete 
| 221|0x00000000edd00000, 0x00000000ede00000, 0x00000000ede00000|100%| E|CS|TAMS 0x00000000edd00000, 0x00000000edd00000| Complete 
| 222|0x00000000ede00000, 0x00000000edf00000, 0x00000000edf00000|100%| E|CS|TAMS 0x00000000ede00000, 0x00000000ede00000| Complete 
| 223|0x00000000edf00000, 0x00000000ee000000, 0x00000000ee000000|100%| E|CS|TAMS 0x00000000edf00000, 0x00000000edf00000| Complete 
| 224|0x00000000ee000000, 0x00000000ee100000, 0x00000000ee100000|100%| E|CS|TAMS 0x00000000ee000000, 0x00000000ee000000| Complete 
| 225|0x00000000ee100000, 0x00000000ee200000, 0x00000000ee200000|100%| E|CS|TAMS 0x00000000ee100000, 0x00000000ee100000| Complete 
| 226|0x00000000ee200000, 0x00000000ee300000, 0x00000000ee300000|100%| E|CS|TAMS 0x00000000ee200000, 0x00000000ee200000| Complete 
| 227|0x00000000ee300000, 0x00000000ee400000, 0x00000000ee400000|100%| E|CS|TAMS 0x00000000ee300000, 0x00000000ee300000| Complete 
| 228|0x00000000ee400000, 0x00000000ee500000, 0x00000000ee500000|100%| E|CS|TAMS 0x00000000ee400000, 0x00000000ee400000| Complete 
| 229|0x00000000ee500000, 0x00000000ee600000, 0x00000000ee600000|100%| E|CS|TAMS 0x00000000ee500000, 0x00000000ee500000| Complete 
| 230|0x00000000ee600000, 0x00000000ee700000, 0x00000000ee700000|100%| E|CS|TAMS 0x00000000ee600000, 0x00000000ee600000| Complete 
| 231|0x00000000ee700000, 0x00000000ee800000, 0x00000000ee800000|100%| E|CS|TAMS 0x00000000ee700000, 0x00000000ee700000| Complete 
| 232|0x00000000ee800000, 0x00000000ee900000, 0x00000000ee900000|100%| E|CS|TAMS 0x00000000ee800000, 0x00000000ee800000| Complete 
| 233|0x00000000ee900000, 0x00000000eea00000, 0x00000000eea00000|100%| E|CS|TAMS 0x00000000ee900000, 0x00000000ee900000| Complete 
| 234|0x00000000eea00000, 0x00000000eeb00000, 0x00000000eeb00000|100%| E|CS|TAMS 0x00000000eea00000, 0x00000000eea00000| Complete 
| 235|0x00000000eeb00000, 0x00000000eec00000, 0x00000000eec00000|100%| E|CS|TAMS 0x00000000eeb00000, 0x00000000eeb00000| Complete 
| 236|0x00000000eec00000, 0x00000000eed00000, 0x00000000eed00000|100%| E|CS|TAMS 0x00000000eec00000, 0x00000000eec00000| Complete 
| 237|0x00000000eed00000, 0x00000000eee00000, 0x00000000eee00000|100%| E|CS|TAMS 0x00000000eed00000, 0x00000000eed00000| Complete 
| 238|0x00000000eee00000, 0x00000000eef00000, 0x00000000eef00000|100%| E|CS|TAMS 0x00000000eee00000, 0x00000000eee00000| Complete 
| 239|0x00000000eef00000, 0x00000000ef000000, 0x00000000ef000000|100%| E|CS|TAMS 0x00000000eef00000, 0x00000000eef00000| Complete 
| 240|0x00000000ef000000, 0x00000000ef100000, 0x00000000ef100000|100%| E|CS|TAMS 0x00000000ef000000, 0x00000000ef000000| Complete 
| 241|0x00000000ef100000, 0x00000000ef200000, 0x00000000ef200000|100%| E|CS|TAMS 0x00000000ef100000, 0x00000000ef100000| Complete 
| 242|0x00000000ef200000, 0x00000000ef300000, 0x00000000ef300000|100%| E|CS|TAMS 0x00000000ef200000, 0x00000000ef200000| Complete 
| 243|0x00000000ef300000, 0x00000000ef400000, 0x00000000ef400000|100%| E|CS|TAMS 0x00000000ef300000, 0x00000000ef300000| Complete 
| 244|0x00000000ef400000, 0x00000000ef500000, 0x00000000ef500000|100%| E|CS|TAMS 0x00000000ef400000, 0x00000000ef400000| Complete 
| 245|0x00000000ef500000, 0x00000000ef600000, 0x00000000ef600000|100%| E|CS|TAMS 0x00000000ef500000, 0x00000000ef500000| Complete 
| 246|0x00000000ef600000, 0x00000000ef700000, 0x00000000ef700000|100%| E|CS|TAMS 0x00000000ef600000, 0x00000000ef600000| Complete 
| 247|0x00000000ef700000, 0x00000000ef800000, 0x00000000ef800000|100%| E|CS|TAMS 0x00000000ef700000, 0x00000000ef700000| Complete 
| 248|0x00000000ef800000, 0x00000000ef900000, 0x00000000ef900000|100%| E|CS|TAMS 0x00000000ef800000, 0x00000000ef800000| Complete 
| 249|0x00000000ef900000, 0x00000000efa00000, 0x00000000efa00000|100%| E|CS|TAMS 0x00000000ef900000, 0x00000000ef900000| Complete 
| 250|0x00000000efa00000, 0x00000000efb00000, 0x00000000efb00000|100%| E|CS|TAMS 0x00000000efa00000, 0x00000000efa00000| Complete 
| 251|0x00000000efb00000, 0x00000000efc00000, 0x00000000efc00000|100%| E|CS|TAMS 0x00000000efb00000, 0x00000000efb00000| Complete 
| 252|0x00000000efc00000, 0x00000000efd00000, 0x00000000efd00000|100%| E|CS|TAMS 0x00000000efc00000, 0x00000000efc00000| Complete 
| 253|0x00000000efd00000, 0x00000000efe00000, 0x00000000efe00000|100%| E|CS|TAMS 0x00000000efd00000, 0x00000000efd00000| Complete 
| 254|0x00000000efe00000, 0x00000000eff00000, 0x00000000eff00000|100%| E|CS|TAMS 0x00000000efe00000, 0x00000000efe00000| Complete 
| 255|0x00000000eff00000, 0x00000000f0000000, 0x00000000f0000000|100%| E|CS|TAMS 0x00000000eff00000, 0x00000000eff00000| Complete 

Card table byte_map: [0x00000239c4ff0000,0x00000239c50f0000] _byte_map_base: 0x00000239c48f0000

Marking Bits (Prev, Next): (CMBitMap*) 0x00000239ade0f7d0, (CMBitMap*) 0x00000239ade0f810
 Prev Bits: [0x00000239c51f0000, 0x00000239c59f0000)
 Next Bits: [0x00000239c59f0000, 0x00000239c61f0000)

Polling page: 0x00000239abb50000

Metaspace:

Usage:
  Non-class:     43.53 MB used.
      Class:      7.09 MB used.
       Both:     50.62 MB used.

Virtual space:
  Non-class space:       48.00 MB reserved,      43.88 MB ( 91%) committed,  6 nodes.
      Class space:      208.00 MB reserved,       7.38 MB (  4%) committed,  1 nodes.
             Both:      256.00 MB reserved,      51.25 MB ( 20%) committed. 

Chunk freelists:
   Non-Class:  3.76 MB
       Class:  671.00 KB
        Both:  4.42 MB

MaxMetaspaceSize: 256.00 MB
CompressedClassSpaceSize: 208.00 MB
Initial GC threshold: 21.00 MB
Current GC threshold: 58.88 MB
CDS: on
MetaspaceReclaimPolicy: balanced
 - commit_granule_bytes: 65536.
 - commit_granule_words: 8192.
 - virtual_space_node_default_size: 1048576.
 - enlarge_chunks_in_place: 1.
 - new_chunks_are_fully_committed: 0.
 - uncommit_free_chunks: 1.
 - use_allocation_guard: 0.
 - handle_deallocations: 1.


Internal statistics:

num_allocs_failed_limit: 6.
num_arena_births: 662.
num_arena_deaths: 0.
num_vsnodes_births: 7.
num_vsnodes_deaths: 0.
num_space_committed: 820.
num_space_uncommitted: 0.
num_chunks_returned_to_freelist: 6.
num_chunks_taken_from_freelist: 2774.
num_chunk_merges: 6.
num_chunk_splits: 1761.
num_chunks_enlarged: 1139.
num_purges: 0.
num_inconsistent_stats: 0.

CodeHeap 'non-profiled nmethods': size=119168Kb used=5101Kb max_used=5101Kb free=114067Kb
 bounds [0x00000239bd200000, 0x00000239bd700000, 0x00000239c4660000]
CodeHeap 'profiled nmethods': size=119104Kb used=16066Kb max_used=16066Kb free=103038Kb
 bounds [0x00000239b5db0000, 0x00000239b6d70000, 0x00000239bd200000]
CodeHeap 'non-nmethods': size=7488Kb used=4022Kb max_used=4094Kb free=3465Kb
 bounds [0x00000239b5660000, 0x00000239b5a70000, 0x00000239b5db0000]
 total_blobs=8855 nmethods=8004 adapters=760
 compilation: enabled
              stopped_count=0, restarted_count=0
 full_count=0

Compilation events (20 events):
Event: 5.069 Thread 0x00000239c9187b20 nmethod 8769 0x00000239b6d5e790 code [0x00000239b6d5e960, 0x00000239b6d5ee58]
Event: 5.069 Thread 0x00000239cf06d520 8770       4       java.util.HashMap::removeNode (291 bytes)
Event: 5.072 Thread 0x00000239c917b860 8771       4       java.util.concurrent.TimeUnit::toMillis (69 bytes)
Event: 5.073 Thread 0x00000239c917b860 nmethod 8771 0x00000239bd6f4c10 code [0x00000239bd6f4d80, 0x00000239bd6f4eb8]
Event: 5.074 Thread 0x00000239c9187b20 8772       3       org.gradle.api.internal.file.FilteredFileCollection$$Lambda$1060/0x0000000801354000::apply (14 bytes)
Event: 5.074 Thread 0x00000239c9187b20 nmethod 8772 0x00000239b6d5f090 code [0x00000239b6d5f240, 0x00000239b6d5f508]
Event: 5.074 Thread 0x00000239cad8a380 8773       3       java.util.jar.Manifest::toLower (24 bytes)
Event: 5.074 Thread 0x00000239cad8a380 nmethod 8773 0x00000239b6d5f610 code [0x00000239b6d5f7a0, 0x00000239b6d5f938]
Event: 5.076 Thread 0x00000239c9f116e0 nmethod 8698% 0x00000239bd6f4f90 code [0x00000239bd6f5280, 0x00000239bd6f8020]
Event: 5.077 Thread 0x00000239d1ed4af0 8774       4       com.google.common.base.Objects::equal (23 bytes)
Event: 5.077 Thread 0x00000239cf06d520 nmethod 8770 0x00000239bd6f9e90 code [0x00000239bd6fa040, 0x00000239bd6faa68]
Event: 5.077 Thread 0x00000239c9cde5b0 8775       1       org.gradle.api.internal.tasks.StaticValue::call (5 bytes)
Event: 5.077 Thread 0x00000239d1ed4af0 nmethod 8774 0x00000239bd6fae10 code [0x00000239bd6faf80, 0x00000239bd6fb018]
Event: 5.077 Thread 0x00000239cad8a380 8776       3       org.gradle.api.internal.file.AbstractOpaqueFileCollection::<init> (6 bytes)
Event: 5.077 Thread 0x00000239c9cde5b0 nmethod 8775 0x00000239bd6fb110 code [0x00000239bd6fb2a0, 0x00000239bd6fb378]
Event: 5.077 Thread 0x00000239cad8a380 nmethod 8776 0x00000239b6d5fa10 code [0x00000239b6d5fbc0, 0x00000239b6d5fdd8]
Event: 5.079 Thread 0x00000239c9f116e0 8777       4       java.util.zip.ZipFile$Source::initCEN (591 bytes)
Event: 5.081 Thread 0x00000239c9187b20 8778       3       com.google.common.collect.Iterators$5::computeNext (45 bytes)
Event: 5.081 Thread 0x00000239c9cde5b0 8779       3       java.util.zip.ZipFile$Source::close (50 bytes)
Event: 5.081 Thread 0x00000239c9187b20 nmethod 8778 0x00000239b6d5ff10 code [0x00000239b6d60100, 0x00000239b6d60668]

GC Heap History (11 events):
Event: 0.345 GC heap before
{Heap before GC invocations=0 (full 0):
 garbage-first heap   total 262144K, used 28672K [0x00000000e0000000, 0x0000000100000000)
  region size 1024K, 23 young (23552K), 0 survivors (0K)
 Metaspace       used 3005K, committed 3200K, reserved 221184K
  class space    used 379K, committed 448K, reserved 212992K
}
Event: 0.347 GC heap after
{Heap after GC invocations=1 (full 0):
 garbage-first heap   total 262144K, used 9000K [0x00000000e0000000, 0x0000000100000000)
  region size 1024K, 3 young (3072K), 3 survivors (3072K)
 Metaspace       used 3005K, committed 3200K, reserved 221184K
  class space    used 379K, committed 448K, reserved 212992K
}
Event: 0.575 GC heap before
{Heap before GC invocations=1 (full 0):
 garbage-first heap   total 262144K, used 39720K [0x00000000e0000000, 0x0000000100000000)
  region size 1024K, 32 young (32768K), 3 survivors (3072K)
 Metaspace       used 3964K, committed 4160K, reserved 221184K
  class space    used 475K, committed 576K, reserved 212992K
}
Event: 0.576 GC heap after
{Heap after GC invocations=2 (full 0):
 garbage-first heap   total 262144K, used 12997K [0x00000000e0000000, 0x0000000100000000)
  region size 1024K, 4 young (4096K), 4 survivors (4096K)
 Metaspace       used 3964K, committed 4160K, reserved 221184K
  class space    used 475K, committed 576K, reserved 212992K
}
Event: 1.757 GC heap before
{Heap before GC invocations=2 (full 0):
 garbage-first heap   total 262144K, used 116421K [0x00000000e0000000, 0x0000000100000000)
  region size 1024K, 106 young (108544K), 4 survivors (4096K)
 Metaspace       used 21277K, committed 21504K, reserved 237568K
  class space    used 3155K, committed 3264K, reserved 212992K
}
Event: 1.761 GC heap after
{Heap after GC invocations=3 (full 0):
 garbage-first heap   total 262144K, used 20597K [0x00000000e0000000, 0x0000000100000000)
  region size 1024K, 12 young (12288K), 12 survivors (12288K)
 Metaspace       used 21277K, committed 21504K, reserved 237568K
  class space    used 3155K, committed 3264K, reserved 212992K
}
Event: 2.745 GC heap before
{Heap before GC invocations=4 (full 0):
 garbage-first heap   total 262144K, used 132213K [0x00000000e0000000, 0x0000000100000000)
  region size 1024K, 119 young (121856K), 12 survivors (12288K)
 Metaspace       used 35708K, committed 36096K, reserved 245760K
  class space    used 4889K, committed 5056K, reserved 212992K
}
Event: 2.751 GC heap after
{Heap after GC invocations=5 (full 0):
 garbage-first heap   total 262144K, used 30400K [0x00000000e0000000, 0x0000000100000000)
  region size 1024K, 16 young (16384K), 16 survivors (16384K)
 Metaspace       used 35708K, committed 36096K, reserved 245760K
  class space    used 4889K, committed 5056K, reserved 212992K
}
Event: 3.807 GC heap before
{Heap before GC invocations=6 (full 0):
 garbage-first heap   total 262144K, used 170688K [0x00000000e0000000, 0x0000000100000000)
  region size 1024K, 153 young (156672K), 16 survivors (16384K)
 Metaspace       used 45852K, committed 46464K, reserved 253952K
  class space    used 6482K, committed 6784K, reserved 212992K
}
Event: 3.815 GC heap after
{Heap after GC invocations=7 (full 0):
 garbage-first heap   total 262144K, used 42218K [0x00000000e0000000, 0x0000000100000000)
  region size 1024K, 20 young (20480K), 20 survivors (20480K)
 Metaspace       used 45852K, committed 46464K, reserved 253952K
  class space    used 6482K, committed 6784K, reserved 212992K
}
Event: 5.082 GC heap before
{Heap before GC invocations=7 (full 0):
 garbage-first heap   total 262144K, used 177386K [0x00000000e0000000, 0x0000000100000000)
  region size 1024K, 153 young (156672K), 20 survivors (20480K)
 Metaspace       used 51835K, committed 52480K, reserved 262144K
  class space    used 7265K, committed 7552K, reserved 212992K
}

Deoptimization events (20 events):
Event: 4.979 Thread 0x00000239d1f06bd0 Uncommon trap: trap_request=0xffffff45 fr.pc=0x00000239bd6d1318 relative=0x0000000000000098
Event: 4.979 Thread 0x00000239d1f06bd0 Uncommon trap: reason=unstable_if action=reinterpret pc=0x00000239bd6d1318 method=com.esotericsoftware.kryo.io.Output.writeByte(B)V @ 8 c2
Event: 4.979 Thread 0x00000239d1f06bd0 DEOPT PACKING pc=0x00000239bd6d1318 sp=0x000000c9716fb250
Event: 4.979 Thread 0x00000239d1f06bd0 DEOPT UNPACKING pc=0x00000239b56b23a3 sp=0x000000c9716fb1d8 mode 2
Event: 4.995 Thread 0x00000239d1f06bd0 DEOPT PACKING pc=0x00000239b5e82cbd sp=0x000000c9716fbf40
Event: 4.995 Thread 0x00000239d1f06bd0 DEOPT UNPACKING pc=0x00000239b56b2b43 sp=0x000000c9716fb3c8 mode 0
Event: 5.020 Thread 0x00000239d1f06bd0 Uncommon trap: trap_request=0xffffff45 fr.pc=0x00000239bd240edc relative=0x00000000000001bc
Event: 5.020 Thread 0x00000239d1f06bd0 Uncommon trap: reason=unstable_if action=reinterpret pc=0x00000239bd240edc method=java.util.jar.Attributes$Name.hash(Ljava/lang/String;)I @ 96 c2
Event: 5.020 Thread 0x00000239d1f06bd0 DEOPT PACKING pc=0x00000239bd240edc sp=0x000000c9716fc210
Event: 5.020 Thread 0x00000239d1f06bd0 DEOPT UNPACKING pc=0x00000239b56b23a3 sp=0x000000c9716fc188 mode 2
Event: 5.036 Thread 0x00000239cbc91a20 Uncommon trap: trap_request=0xffffffde fr.pc=0x00000239bd3a0e58 relative=0x00000000000008d8
Event: 5.036 Thread 0x00000239cbc91a20 Uncommon trap: reason=class_check action=maybe_recompile pc=0x00000239bd3a0e58 method=java.io.BufferedInputStream.read1([BII)I @ 39 c2
Event: 5.036 Thread 0x00000239cbc91a20 DEOPT PACKING pc=0x00000239bd3a0e58 sp=0x000000c9718fe460
Event: 5.036 Thread 0x00000239cbc91a20 DEOPT UNPACKING pc=0x00000239b56b23a3 sp=0x000000c9718fe378 mode 2
Event: 5.068 Thread 0x00000239d1f06bd0 Uncommon trap: trap_request=0xffffff45 fr.pc=0x00000239bd2e2920 relative=0x0000000000000200
Event: 5.068 Thread 0x00000239d1f06bd0 Uncommon trap: reason=unstable_if action=reinterpret pc=0x00000239bd2e2920 method=java.util.StringTokenizer.skipDelimiters(I)I @ 64 c2
Event: 5.068 Thread 0x00000239d1f06bd0 DEOPT PACKING pc=0x00000239bd2e2920 sp=0x000000c9716fccf0
Event: 5.068 Thread 0x00000239d1f06bd0 DEOPT UNPACKING pc=0x00000239b56b23a3 sp=0x000000c9716fcc80 mode 2
Event: 5.079 Thread 0x00000239d1f06bd0 DEOPT PACKING pc=0x00000239b5dcffe1 sp=0x000000c9716fc300
Event: 5.079 Thread 0x00000239d1f06bd0 DEOPT UNPACKING pc=0x00000239b56b2b43 sp=0x000000c9716fb880 mode 0

Classes unloaded (0 events):
No events

Classes redefined (0 events):
No events

Internal exceptions (20 events):
Event: 4.345 Thread 0x00000239d1f06bd0 Implicit null exception at 0x00000239bd5b53cf to 0x00000239bd5b64c0
Event: 4.900 Thread 0x00000239d1f06bd0 Exception <a 'java/lang/NoSuchMethodError'{0x00000000e9036da8}: 'int java.lang.invoke.DirectMethodHandle$Holder.invokeStaticInit(java.lang.Object, java.lang.Object, java.lang.Object, java.lang.Object, java.lang.Object)'> (0x00000000e9036da8) 
thrown [s\open\src\hotspot\share\interpreter\linkResolver.cpp, line 759]
Event: 4.982 Thread 0x00000239d1f06bd0 Exception <a 'java/io/FileNotFoundException'{0x00000000e8ad8dc0}> (0x00000000e8ad8dc0) 
thrown [s\open\src\hotspot\share\prims\jni.cpp, line 516]
Event: 4.982 Thread 0x00000239d1f06bd0 Exception <a 'java/io/FileNotFoundException'{0x00000000e8ada250}> (0x00000000e8ada250) 
thrown [s\open\src\hotspot\share\prims\jni.cpp, line 516]
Event: 5.025 Thread 0x00000239d1f06bd0 Exception <a 'java/io/FileNotFoundException'{0x00000000e8779ba8}> (0x00000000e8779ba8) 
thrown [s\open\src\hotspot\share\prims\jni.cpp, line 516]
Event: 5.025 Thread 0x00000239d1f06bd0 Exception <a 'java/io/FileNotFoundException'{0x00000000e877ae70}> (0x00000000e877ae70) 
thrown [s\open\src\hotspot\share\prims\jni.cpp, line 516]
Event: 5.033 Thread 0x00000239d1f06bd0 Exception <a 'java/lang/NoSuchMethodError'{0x00000000e840c950}: 'void java.lang.invoke.DirectMethodHandle$Holder.invokeInterface(java.lang.Object, java.lang.Object, java.lang.Object, java.lang.Object)'> (0x00000000e840c950) 
thrown [s\open\src\hotspot\share\interpreter\linkResolver.cpp, line 759]
Event: 5.038 Thread 0x00000239d1f06bd0 Exception <a 'java/io/FileNotFoundException'{0x00000000e8456ba8}> (0x00000000e8456ba8) 
thrown [s\open\src\hotspot\share\prims\jni.cpp, line 516]
Event: 5.038 Thread 0x00000239d1f06bd0 Exception <a 'java/io/FileNotFoundException'{0x00000000e84582e0}> (0x00000000e84582e0) 
thrown [s\open\src\hotspot\share\prims\jni.cpp, line 516]
Event: 5.047 Thread 0x00000239d1f06bd0 Exception <a 'java/io/FileNotFoundException'{0x00000000e82eeac0}> (0x00000000e82eeac0) 
thrown [s\open\src\hotspot\share\prims\jni.cpp, line 516]
Event: 5.047 Thread 0x00000239d1f06bd0 Exception <a 'java/io/FileNotFoundException'{0x00000000e82efd10}> (0x00000000e82efd10) 
thrown [s\open\src\hotspot\share\prims\jni.cpp, line 516]
Event: 5.064 Thread 0x00000239d1f06bd0 Exception <a 'java/lang/NoSuchMethodError'{0x00000000e7fba2d8}: static Lorg/springframework/boot/gradle/tasks/bundling/LayeredSpec$ApplicationSpec;.<clinit>()V> (0x00000000e7fba2d8) 
thrown [s\open\src\hotspot\share\prims\jni.cpp, line 1107]
Event: 5.065 Thread 0x00000239d1f06bd0 Exception <a 'java/lang/NoSuchMethodError'{0x00000000e7fbc158}: static Lorg/springframework/boot/gradle/tasks/bundling/LayeredSpec$IntoLayersSpec;.<clinit>()V> (0x00000000e7fbc158) 
thrown [s\open\src\hotspot\share\prims\jni.cpp, line 1107]
Event: 5.065 Thread 0x00000239d1f06bd0 Exception <a 'java/lang/NoSuchMethodError'{0x00000000e7fcf848}: static Lorg/springframework/boot/gradle/tasks/bundling/LayeredSpec$ApplicationSpec$IntoLayerSpecFactory;.<clinit>()V> (0x00000000e7fcf848) 
thrown [s\open\src\hotspot\share\prims\jni.cpp, line 1107]
Event: 5.066 Thread 0x00000239d1f06bd0 Exception <a 'java/lang/NoSuchMethodError'{0x00000000e7fdf1b0}: static Lorg/springframework/boot/gradle/tasks/bundling/LayeredSpec$DependenciesSpec;.<clinit>()V> (0x00000000e7fdf1b0) 
thrown [s\open\src\hotspot\share\prims\jni.cpp, line 1107]
Event: 5.066 Thread 0x00000239d1f06bd0 Exception <a 'java/lang/NoSuchMethodError'{0x00000000e7febf48}: static Lorg/springframework/boot/gradle/tasks/bundling/LayeredSpec$DependenciesSpec$IntoLayerSpecFactory;.<clinit>()V> (0x00000000e7febf48) 
thrown [s\open\src\hotspot\share\prims\jni.cpp, line 1107]
Event: 5.069 Thread 0x00000239d1f06bd0 Exception <a 'java/io/FileNotFoundException'{0x00000000e7e01810}> (0x00000000e7e01810) 
thrown [s\open\src\hotspot\share\prims\jni.cpp, line 516]
Event: 5.069 Thread 0x00000239d1f06bd0 Exception <a 'java/io/FileNotFoundException'{0x00000000e7e02ca0}> (0x00000000e7e02ca0) 
thrown [s\open\src\hotspot\share\prims\jni.cpp, line 516]
Event: 5.078 Thread 0x00000239d1f06bd0 Exception <a 'java/io/FileNotFoundException'{0x00000000e7ca3798}> (0x00000000e7ca3798) 
thrown [s\open\src\hotspot\share\prims\jni.cpp, line 516]
Event: 5.078 Thread 0x00000239d1f06bd0 Exception <a 'java/io/FileNotFoundException'{0x00000000e7ca4a60}> (0x00000000e7ca4a60) 
thrown [s\open\src\hotspot\share\prims\jni.cpp, line 516]

VM Operations (20 events):
Event: 4.336 Executing VM operation: ICBufferFull done
Event: 4.470 Executing VM operation: HandshakeAllThreads
Event: 4.470 Executing VM operation: HandshakeAllThreads done
Event: 4.473 Executing VM operation: ICBufferFull
Event: 4.473 Executing VM operation: ICBufferFull done
Event: 4.503 Executing VM operation: HandshakeAllThreads
Event: 4.503 Executing VM operation: HandshakeAllThreads done
Event: 4.596 Executing VM operation: ICBufferFull
Event: 4.596 Executing VM operation: ICBufferFull done
Event: 4.712 Executing VM operation: ICBufferFull
Event: 4.712 Executing VM operation: ICBufferFull done
Event: 4.717 Executing VM operation: HandshakeAllThreads
Event: 4.717 Executing VM operation: HandshakeAllThreads done
Event: 4.758 Executing VM operation: HandshakeAllThreads
Event: 4.758 Executing VM operation: HandshakeAllThreads done
Event: 4.909 Executing VM operation: ICBufferFull
Event: 4.909 Executing VM operation: ICBufferFull done
Event: 4.965 Executing VM operation: ICBufferFull
Event: 4.965 Executing VM operation: ICBufferFull done
Event: 5.081 Executing VM operation: G1CollectForAllocation

Events (20 events):
Event: 4.576 Thread 0x00000239d1b40aa0 Thread added: 0x00000239d1b40aa0
Event: 4.581 Thread 0x00000239d1b43f90 Thread added: 0x00000239d1b43f90
Event: 4.586 Thread 0x00000239d1b41440 Thread added: 0x00000239d1b41440
Event: 4.592 Thread 0x00000239d1b43120 Thread added: 0x00000239d1b43120
Event: 4.713 Thread 0x00000239d1b42780 Thread added: 0x00000239d1b42780
Event: 4.726 Thread 0x00000239d1b435f0 Thread added: 0x00000239d1b435f0
Event: 4.734 Thread 0x00000239d1b43ac0 Thread added: 0x00000239d1b43ac0
Event: 4.750 Thread 0x00000239d1b42c50 Thread added: 0x00000239d1b42c50
Event: 4.754 Thread 0x00000239d1b41910 Thread added: 0x00000239d1b41910
Event: 4.771 Thread 0x00000239d1b422b0 Thread added: 0x00000239d1b422b0
Event: 4.774 Thread 0x00000239d1e1e100 Thread added: 0x00000239d1e1e100
Event: 4.815 Thread 0x00000239d1e1c8f0 Thread added: 0x00000239d1e1c8f0
Event: 5.063 loading class java/util/concurrent/ConcurrentSkipListMap$KeySet
Event: 5.063 loading class java/util/concurrent/ConcurrentSkipListMap$KeySet done
Event: 5.063 loading class java/util/concurrent/ConcurrentSkipListMap$KeyIterator
Event: 5.063 loading class java/util/concurrent/ConcurrentSkipListMap$KeyIterator done
Event: 5.067 loading class java/nio/channels/Channels
Event: 5.067 loading class java/nio/channels/Channels done
Event: 5.067 loading class sun/nio/ch/ChannelInputStream
Event: 5.067 loading class sun/nio/ch/ChannelInputStream done


Dynamic libraries:
0x00007ff7a4430000 - 0x00007ff7a4440000 	C:\Program Files\Java\jdk-17.0.5\bin\java.exe
0x00007ff960590000 - 0x00007ff960788000 	C:\Windows\SYSTEM32\ntdll.dll
0x00007ff95f8a0000 - 0x00007ff95f95f000 	C:\Windows\System32\KERNEL32.DLL
0x00007ff95e030000 - 0x00007ff95e302000 	C:\Windows\System32\KERNELBASE.dll
0x00007ff95e440000 - 0x00007ff95e540000 	C:\Windows\System32\ucrtbase.dll
0x00007ff928370000 - 0x00007ff928388000 	C:\Program Files\Java\jdk-17.0.5\bin\jli.dll
0x00007ff92ad40000 - 0x00007ff92ad5a000 	C:\Program Files\Java\jdk-17.0.5\bin\VCRUNTIME140.dll
0x00007ff960300000 - 0x00007ff9603ae000 	C:\Windows\System32\ADVAPI32.dll
0x00007ff95e9a0000 - 0x00007ff95ea3e000 	C:\Windows\System32\msvcrt.dll
0x00007ff95ea40000 - 0x00007ff95eadc000 	C:\Windows\System32\sechost.dll
0x00007ff95f3f0000 - 0x00007ff95f515000 	C:\Windows\System32\RPCRT4.dll
0x00007ff95f520000 - 0x00007ff95f6bd000 	C:\Windows\System32\USER32.dll
0x00007ff94c130000 - 0x00007ff94c3ca000 	C:\Windows\WinSxS\amd64_microsoft.windows.common-controls_6595b64144ccf1df_6.0.19041.1110_none_60b5254171f9507e\COMCTL32.dll
0x00007ff95dd70000 - 0x00007ff95dd92000 	C:\Windows\System32\win32u.dll
0x00007ff95fa40000 - 0x00007ff95fa6b000 	C:\Windows\System32\GDI32.dll
0x00007ff95dc60000 - 0x00007ff95dd6f000 	C:\Windows\System32\gdi32full.dll
0x00007ff95e3a0000 - 0x00007ff95e43d000 	C:\Windows\System32\msvcp_win.dll
0x00007ff956f10000 - 0x00007ff956f1a000 	C:\Windows\SYSTEM32\VERSION.dll
0x00007ff960410000 - 0x00007ff960442000 	C:\Windows\System32\IMM32.DLL
0x00007ff9380e0000 - 0x00007ff9380ec000 	C:\Program Files\Java\jdk-17.0.5\bin\vcruntime140_1.dll
0x00007ff926bd0000 - 0x00007ff926c5d000 	C:\Program Files\Java\jdk-17.0.5\bin\msvcp140.dll
0x00007ff85ed70000 - 0x00007ff85f932000 	C:\Program Files\Java\jdk-17.0.5\bin\server\jvm.dll
0x00007ff9604b0000 - 0x00007ff9604b8000 	C:\Windows\System32\PSAPI.DLL
0x00007ff9539d0000 - 0x00007ff9539f7000 	C:\Windows\SYSTEM32\WINMM.dll
0x00007ff935e80000 - 0x00007ff935e89000 	C:\Windows\SYSTEM32\WSOCK32.dll
0x00007ff95fa70000 - 0x00007ff95fadb000 	C:\Windows\System32\WS2_32.dll
0x00007ff95ba20000 - 0x00007ff95ba32000 	C:\Windows\SYSTEM32\kernel.appcore.dll
0x00007ff937fc0000 - 0x00007ff937fca000 	C:\Program Files\Java\jdk-17.0.5\bin\jimage.dll
0x00007ff953ac0000 - 0x00007ff953ca4000 	C:\Windows\SYSTEM32\DBGHELP.DLL
0x00007ff949b90000 - 0x00007ff949bbc000 	C:\Windows\SYSTEM32\dbgcore.DLL
0x00007ff95e310000 - 0x00007ff95e392000 	C:\Windows\System32\bcryptPrimitives.dll
0x00007ff927690000 - 0x00007ff9276b5000 	C:\Program Files\Java\jdk-17.0.5\bin\java.dll
0x00007ff9249b0000 - 0x00007ff924a86000 	C:\Program Files\Java\jdk-17.0.5\bin\jsvml.dll
0x00007ff95fae0000 - 0x00007ff960223000 	C:\Windows\System32\SHELL32.dll
0x00007ff95bd00000 - 0x00007ff95c492000 	C:\Windows\SYSTEM32\windows.storage.dll
0x00007ff95efd0000 - 0x00007ff95f324000 	C:\Windows\System32\combase.dll
0x00007ff95d5e0000 - 0x00007ff95d610000 	C:\Windows\SYSTEM32\Wldp.dll
0x00007ff95f6c0000 - 0x00007ff95f76d000 	C:\Windows\System32\SHCORE.dll
0x00007ff9604c0000 - 0x00007ff960515000 	C:\Windows\System32\shlwapi.dll
0x00007ff95dba0000 - 0x00007ff95dbbf000 	C:\Windows\SYSTEM32\profapi.dll
0x00007ff925dc0000 - 0x00007ff925dd9000 	C:\Program Files\Java\jdk-17.0.5\bin\net.dll
0x00007ff954720000 - 0x00007ff95482c000 	C:\Windows\SYSTEM32\WINHTTP.dll
0x00007ff95d3c0000 - 0x00007ff95d42a000 	C:\Windows\system32\mswsock.dll
0x00007ff925da0000 - 0x00007ff925db6000 	C:\Program Files\Java\jdk-17.0.5\bin\nio.dll
0x00007ff925be0000 - 0x00007ff925bf8000 	C:\Program Files\Java\jdk-17.0.5\bin\zip.dll
0x00007ff92ab50000 - 0x00007ff92ab60000 	C:\Program Files\Java\jdk-17.0.5\bin\verify.dll
0x00007ff927700000 - 0x00007ff927727000 	C:\Users\Lucas\.gradle\native\e1d6ef7f7dcc3fd88c89a11ec53ec762bb8ba0a96d01ffa2cd45eb1d1d8dd5c5\windows-amd64\native-platform.dll
0x00007ff907db0000 - 0x00007ff907ef4000 	C:\Users\Lucas\.gradle\native\0d407fdbe67a94daf76414ababcb853783967236a71b16ec16e742cd7a986fd3\windows-amd64\native-platform-file-events.dll
0x00007ff959240000 - 0x00007ff959249000 	C:\Program Files\Java\jdk-17.0.5\bin\management.dll
0x00007ff959230000 - 0x00007ff95923b000 	C:\Program Files\Java\jdk-17.0.5\bin\management_ext.dll
0x00007ff95d620000 - 0x00007ff95d638000 	C:\Windows\SYSTEM32\CRYPTSP.dll
0x00007ff95cc90000 - 0x00007ff95ccc4000 	C:\Windows\system32\rsaenh.dll
0x00007ff95ddf0000 - 0x00007ff95de17000 	C:\Windows\System32\bcrypt.dll
0x00007ff95db20000 - 0x00007ff95db4e000 	C:\Windows\SYSTEM32\USERENV.dll
0x00007ff95d550000 - 0x00007ff95d55c000 	C:\Windows\SYSTEM32\CRYPTBASE.dll
0x00007ff95d080000 - 0x00007ff95d0bb000 	C:\Windows\SYSTEM32\IPHLPAPI.DLL
0x00007ff95f770000 - 0x00007ff95f778000 	C:\Windows\System32\NSI.dll
0x00007ff957540000 - 0x00007ff957557000 	C:\Windows\SYSTEM32\dhcpcsvc6.DLL
0x00007ff957520000 - 0x00007ff95753d000 	C:\Windows\SYSTEM32\dhcpcsvc.DLL
0x00007ff95d0c0000 - 0x00007ff95d18a000 	C:\Windows\SYSTEM32\DNSAPI.dll
0x00007ff927ce0000 - 0x00007ff927cee000 	C:\Program Files\Java\jdk-17.0.5\bin\sunmscapi.dll
0x00007ff95ded0000 - 0x00007ff95e026000 	C:\Windows\System32\CRYPT32.dll
0x00007ff95d730000 - 0x00007ff95d757000 	C:\Windows\SYSTEM32\ncrypt.dll
0x00007ff95d6f0000 - 0x00007ff95d72b000 	C:\Windows\SYSTEM32\NTASN1.dll
0x00007ff9380f0000 - 0x00007ff9380f7000 	C:\Windows\system32\wshunix.dll

dbghelp: loaded successfully - version: 4.0.5 - missing functions: none
symbol engine: initialized successfully - sym options: 0x614 - pdb path: .;C:\Program Files\Java\jdk-17.0.5\bin;C:\Windows\SYSTEM32;C:\Windows\WinSxS\amd64_microsoft.windows.common-controls_6595b64144ccf1df_6.0.19041.1110_none_60b5254171f9507e;C:\Program Files\Java\jdk-17.0.5\bin\server;C:\Users\Lucas\.gradle\native\e1d6ef7f7dcc3fd88c89a11ec53ec762bb8ba0a96d01ffa2cd45eb1d1d8dd5c5\windows-amd64;C:\Users\Lucas\.gradle\native\0d407fdbe67a94daf76414ababcb853783967236a71b16ec16e742cd7a986fd3\windows-amd64

VM Arguments:
jvm_args: --add-opens=java.base/java.util=ALL-UNNAMED --add-opens=java.base/java.lang=ALL-UNNAMED --add-opens=java.base/java.lang.invoke=ALL-UNNAMED --add-opens=java.base/java.util=ALL-UNNAMED --add-opens=java.prefs/java.util.prefs=ALL-UNNAMED --add-opens=java.prefs/java.util.prefs=ALL-UNNAMED --add-opens=java.base/java.nio.charset=ALL-UNNAMED --add-opens=java.base/java.net=ALL-UNNAMED --add-opens=java.base/java.util.concurrent.atomic=ALL-UNNAMED -XX:MaxMetaspaceSize=256m -XX:+HeapDumpOnOutOfMemoryError -Xms256m -Xmx512m -Dfile.encoding=windows-1252 -Duser.country=BR -Duser.language=pt -Duser.variant 
java_command: org.gradle.launcher.daemon.bootstrap.GradleDaemon 7.5.1
java_class_path (initial): C:\Users\Lucas\.gradle\wrapper\dists\gradle-7.5.1-bin\7jzzequgds1hbszbhq3npc5ng\gradle-7.5.1\lib\gradle-launcher-7.5.1.jar
Launcher Type: SUN_STANDARD

[Global flags]
     intx CICompilerCount                          = 12                                        {product} {ergonomic}
   size_t CompressedClassSpaceSize                 = 218103808                                 {product} {ergonomic}
     uint ConcGCThreads                            = 3                                         {product} {ergonomic}
     uint G1ConcRefinementThreads                  = 13                                        {product} {ergonomic}
   size_t G1HeapRegionSize                         = 1048576                                   {product} {ergonomic}
    uintx GCDrainStackTargetSize                   = 64                                        {product} {ergonomic}
     bool HeapDumpOnOutOfMemoryError               = true                                   {manageable} {command line}
   size_t InitialHeapSize                          = 268435456                                 {product} {command line}
   size_t MarkStackSize                            = 4194304                                   {product} {ergonomic}
   size_t MaxHeapSize                              = 536870912                                 {product} {command line}
   size_t MaxMetaspaceSize                         = 268435456                                 {product} {command line}
   size_t MaxNewSize                               = 321912832                                 {product} {ergonomic}
   size_t MinHeapDeltaBytes                        = 1048576                                   {product} {ergonomic}
   size_t MinHeapSize                              = 268435456                                 {product} {command line}
    uintx NonNMethodCodeHeapSize                   = 7602480                                {pd product} {ergonomic}
    uintx NonProfiledCodeHeapSize                  = 122027880                              {pd product} {ergonomic}
    uintx ProfiledCodeHeapSize                     = 122027880                              {pd product} {ergonomic}
    uintx ReservedCodeCacheSize                    = 251658240                              {pd product} {ergonomic}
     bool SegmentedCodeCache                       = true                                      {product} {ergonomic}
   size_t SoftMaxHeapSize                          = 536870912                              {manageable} {ergonomic}
     bool UseCompressedClassPointers               = true                           {product lp64_product} {ergonomic}
     bool UseCompressedOops                        = true                           {product lp64_product} {ergonomic}
     bool UseG1GC                                  = true                                      {product} {ergonomic}
     bool UseLargePagesIndividualAllocation        = false                                  {pd product} {ergonomic}

Logging:
Log output configuration:
 #0: stdout all=warning uptime,level,tags
 #1: stderr all=off uptime,level,tags

Environment Variables:
JAVA_HOME=C:\Program Files\Java\jdk-17.0.5
PATH=C:\Program Files\Java\jdk-17.0.5\bin;C:\Program Files\Common Files\Oracle\Java\javapath;C:\Windows\system32;C:\Windows;C:\Windows\System32\Wbem;C:\Windows\System32\WindowsPowerShell\v1.0\;C:\Windows\System32\OpenSSH\;C:\Program Files\NVIDIA Corporation\NVIDIA NvDLISR;C:\Program Files (x86)\NVIDIA Corporation\PhysX\Common;C:\Program Files\Meaven\apache-maven-3.8.5\bin;C:\Program Files\nodejs\;C:\Program Files (x86)\dotnet\;C:\Program Files\Git\cmd;C:\Program Files\gradle-6.9.3\bin;;C:\Program Files\Docker\Docker\resources\bin;C:\Program Files\MySQL\MySQL Shell 8.0\bin\;C:\Users\Lucas\AppData\Local\Microsoft\WindowsApps;;C:\Users\Lucas\AppData\Local\Programs\Microsoft VS Code\bin;C:\Users\Lucas\AppData\Roaming\npm
USERNAME=Lucas
OS=Windows_NT
PROCESSOR_IDENTIFIER=AMD64 Family 25 Model 80 Stepping 0, AuthenticAMD



---------------  S Y S T E M  ---------------

OS:
 Windows 10 , 64 bit Build 19041 (10.0.19041.2251)
OS uptime: 0 days 0:25 hours
Hyper-V role detected

CPU: total 16 (initial active 16) (16 cores per cpu, 2 threads per core) family 25 model 80 stepping 0 microcode 0x0, cx8, cmov, fxsr, ht, mmx, 3dnowpref, sse, sse2, sse3, ssse3, sse4a, sse4.1, sse4.2, popcnt, lzcnt, tsc, tscinvbit, avx, avx2, aes, erms, clmul, bmi1, bmi2, adx, sha, fma, vzeroupper, clflush, clflushopt, hv

Memory: 4k page, system-wide physical 32562M (15991M free)
TotalPageFile size 34610M (AvailPageFile size 14607M)
current process WorkingSet (physical memory assigned to process): 492M, peak: 492M
current process commit charge ("private bytes"): 593M, peak: 593M

vm_info: Java HotSpot(TM) 64-Bit Server VM (17.0.5+9-LTS-191) for windows-amd64 JRE (17.0.5+9-LTS-191), built on Sep 13 2022 17:31:43 by "mach5one" with MS VC++ 16.8 / 16.9 (VS2019)

END.
